{"/Users/lihiko/repo/Project_BeeUrEi/server/src/app.ts": {"path":"/Users/lihiko/repo/Project_BeeUrEi/server/src/app.ts","all":false,"statementMap":{"0":{"start":{"line":1,"column":0},"end":{"line":1,"column":55}},"39":{"start":{"line":40,"column":0},"end":{"line":40,"column":104}},"40":{"start":{"line":41,"column":0},"end":{"line":41,"column":40}},"41":{"start":{"line":42,"column":0},"end":{"line":42,"column":32}},"42":{"start":{"line":43,"column":0},"end":{"line":43,"column":41}},"43":{"start":{"line":44,"column":0},"end":{"line":44,"column":48}},"44":{"start":{"line":45,"column":0},"end":{"line":45,"column":41}},"47":{"start":{"line":48,"column":0},"end":{"line":48,"column":73}},"48":{"start":{"line":49,"column":0},"end":{"line":49,"column":73}},"49":{"start":{"line":50,"column":0},"end":{"line":50,"column":41}},"50":{"start":{"line":51,"column":0},"end":{"line":51,"column":34}},"51":{"start":{"line":52,"column":0},"end":{"line":52,"column":54}},"52":{"start":{"line":53,"column":0},"end":{"line":53,"column":63}},"55":{"start":{"line":56,"column":0},"end":{"line":56,"column":113}},"59":{"start":{"line":60,"column":0},"end":{"line":60,"column":51}},"60":{"start":{"line":61,"column":0},"end":{"line":61,"column":52}},"61":{"start":{"line":62,"column":0},"end":{"line":62,"column":45}},"62":{"start":{"line":63,"column":0},"end":{"line":63,"column":4}},"66":{"start":{"line":67,"column":0},"end":{"line":67,"column":87}},"68":{"start":{"line":69,"column":0},"end":{"line":69,"column":36}},"69":{"start":{"line":70,"column":0},"end":{"line":70,"column":86}},"70":{"start":{"line":71,"column":0},"end":{"line":71,"column":68}},"72":{"start":{"line":73,"column":0},"end":{"line":73,"column":52}},"74":{"start":{"line":75,"column":0},"end":{"line":75,"column":53}},"75":{"start":{"line":76,"column":0},"end":{"line":76,"column":92}},"76":{"start":{"line":77,"column":0},"end":{"line":77,"column":78}},"77":{"start":{"line":78,"column":0},"end":{"line":78,"column":7}},"78":{"start":{"line":79,"column":0},"end":{"line":79,"column":60}},"79":{"start":{"line":80,"column":0},"end":{"line":80,"column":29}},"80":{"start":{"line":81,"column":0},"end":{"line":81,"column":26}},"81":{"start":{"line":82,"column":0},"end":{"line":82,"column":57}},"82":{"start":{"line":83,"column":0},"end":{"line":83,"column":8}},"83":{"start":{"line":84,"column":0},"end":{"line":84,"column":6}},"85":{"start":{"line":86,"column":0},"end":{"line":86,"column":44}},"86":{"start":{"line":87,"column":0},"end":{"line":87,"column":32}},"87":{"start":{"line":88,"column":0},"end":{"line":88,"column":28}},"88":{"start":{"line":89,"column":0},"end":{"line":89,"column":6}},"89":{"start":{"line":90,"column":0},"end":{"line":90,"column":74}},"90":{"start":{"line":91,"column":0},"end":{"line":91,"column":39}},"91":{"start":{"line":92,"column":0},"end":{"line":92,"column":70}},"92":{"start":{"line":93,"column":0},"end":{"line":93,"column":57}},"93":{"start":{"line":94,"column":0},"end":{"line":94,"column":60}},"94":{"start":{"line":95,"column":0},"end":{"line":95,"column":39}},"95":{"start":{"line":96,"column":0},"end":{"line":96,"column":53}},"96":{"start":{"line":97,"column":0},"end":{"line":97,"column":40}},"97":{"start":{"line":98,"column":0},"end":{"line":98,"column":44}},"98":{"start":{"line":99,"column":0},"end":{"line":99,"column":41}},"99":{"start":{"line":100,"column":0},"end":{"line":100,"column":40}},"100":{"start":{"line":101,"column":0},"end":{"line":101,"column":44}},"101":{"start":{"line":102,"column":0},"end":{"line":102,"column":38}},"102":{"start":{"line":103,"column":0},"end":{"line":103,"column":38}},"103":{"start":{"line":104,"column":0},"end":{"line":104,"column":101}},"104":{"start":{"line":105,"column":0},"end":{"line":105,"column":4}},"107":{"start":{"line":108,"column":0},"end":{"line":108,"column":60}},"110":{"start":{"line":111,"column":0},"end":{"line":111,"column":87}},"111":{"start":{"line":112,"column":0},"end":{"line":112,"column":45}},"112":{"start":{"line":113,"column":0},"end":{"line":113,"column":52}},"113":{"start":{"line":114,"column":0},"end":{"line":114,"column":75}},"114":{"start":{"line":115,"column":0},"end":{"line":115,"column":82}},"115":{"start":{"line":116,"column":0},"end":{"line":116,"column":95}},"116":{"start":{"line":117,"column":0},"end":{"line":117,"column":4}},"118":{"start":{"line":119,"column":0},"end":{"line":119,"column":12}},"119":{"start":{"line":120,"column":0},"end":{"line":120,"column":1}},"122":{"start":{"line":123,"column":0},"end":{"line":123,"column":59}},"123":{"start":{"line":124,"column":0},"end":{"line":124,"column":27}},"124":{"start":{"line":125,"column":0},"end":{"line":125,"column":27}},"125":{"start":{"line":126,"column":0},"end":{"line":126,"column":59}},"126":{"start":{"line":127,"column":0},"end":{"line":127,"column":1}},"129":{"start":{"line":130,"column":0},"end":{"line":130,"column":43}},"130":{"start":{"line":131,"column":0},"end":{"line":131,"column":41}},"131":{"start":{"line":132,"column":0},"end":{"line":132,"column":67}},"132":{"start":{"line":133,"column":0},"end":{"line":133,"column":3}},"133":{"start":{"line":134,"column":0},"end":{"line":134,"column":66}},"134":{"start":{"line":135,"column":0},"end":{"line":135,"column":1}}},"s":{"0":1,"39":1,"40":87,"41":87,"42":87,"43":87,"44":87,"47":87,"48":87,"49":87,"50":87,"51":87,"52":87,"55":87,"59":87,"60":374,"61":370,"62":87,"66":87,"68":87,"69":87,"70":87,"72":87,"74":4,"75":4,"76":1,"77":1,"78":3,"79":3,"80":3,"81":3,"82":3,"83":87,"85":87,"86":1,"87":1,"88":87,"89":87,"90":87,"91":87,"92":87,"93":87,"94":87,"95":87,"96":87,"97":87,"98":87,"99":87,"100":87,"101":87,"102":87,"103":87,"104":87,"107":87,"110":87,"111":87,"112":1,"113":1,"114":1,"115":1,"116":87,"118":87,"119":87,"122":2,"123":2,"124":2,"125":2,"126":2,"129":1,"130":2,"131":0,"132":0,"133":2,"134":2},"branchMap":{"0":{"type":"branch","line":40,"loc":{"start":{"line":40,"column":7},"end":{"line":120,"column":1}},"locations":[{"start":{"line":40,"column":7},"end":{"line":120,"column":1}}]},"1":{"type":"branch","line":52,"loc":{"start":{"line":52,"column":25},"end":{"line":52,"column":54}},"locations":[{"start":{"line":52,"column":25},"end":{"line":52,"column":54}}]},"2":{"type":"branch","line":53,"loc":{"start":{"line":53,"column":29},"end":{"line":53,"column":63}},"locations":[{"start":{"line":53,"column":29},"end":{"line":53,"column":63}}]},"3":{"type":"branch","line":56,"loc":{"start":{"line":56,"column":93},"end":{"line":56,"column":113}},"locations":[{"start":{"line":56,"column":93},"end":{"line":56,"column":113}}]},"4":{"type":"branch","line":67,"loc":{"start":{"line":67,"column":41},"end":{"line":67,"column":62}},"locations":[{"start":{"line":67,"column":41},"end":{"line":67,"column":62}}]},"5":{"type":"branch","line":48,"loc":{"start":{"line":48,"column":32},"end":{"line":48,"column":72}},"locations":[{"start":{"line":48,"column":32},"end":{"line":48,"column":72}}]},"6":{"type":"branch","line":49,"loc":{"start":{"line":49,"column":28},"end":{"line":49,"column":72}},"locations":[{"start":{"line":49,"column":28},"end":{"line":49,"column":72}}]},"7":{"type":"branch","line":60,"loc":{"start":{"line":60,"column":28},"end":{"line":63,"column":3}},"locations":[{"start":{"line":60,"column":28},"end":{"line":63,"column":3}}]},"8":{"type":"branch","line":61,"loc":{"start":{"line":61,"column":46},"end":{"line":61,"column":52}},"locations":[{"start":{"line":61,"column":46},"end":{"line":61,"column":52}}]},"9":{"type":"branch","line":61,"loc":{"start":{"line":61,"column":46},"end":{"line":62,"column":45}},"locations":[{"start":{"line":61,"column":46},"end":{"line":62,"column":45}}]},"10":{"type":"branch","line":69,"loc":{"start":{"line":69,"column":15},"end":{"line":105,"column":3}},"locations":[{"start":{"line":69,"column":15},"end":{"line":105,"column":3}}]},"11":{"type":"branch","line":70,"loc":{"start":{"line":70,"column":28},"end":{"line":70,"column":85}},"locations":[{"start":{"line":70,"column":28},"end":{"line":70,"column":85}}]},"12":{"type":"branch","line":71,"loc":{"start":{"line":71,"column":33},"end":{"line":71,"column":67}},"locations":[{"start":{"line":71,"column":33},"end":{"line":71,"column":67}}]},"13":{"type":"branch","line":73,"loc":{"start":{"line":73,"column":29},"end":{"line":84,"column":5}},"locations":[{"start":{"line":73,"column":29},"end":{"line":84,"column":5}}]},"14":{"type":"branch","line":75,"loc":{"start":{"line":75,"column":32},"end":{"line":75,"column":52}},"locations":[{"start":{"line":75,"column":32},"end":{"line":75,"column":52}}]},"15":{"type":"branch","line":76,"loc":{"start":{"line":76,"column":10},"end":{"line":76,"column":91}},"locations":[{"start":{"line":76,"column":10},"end":{"line":76,"column":91}}]},"16":{"type":"branch","line":76,"loc":{"start":{"line":76,"column":50},"end":{"line":76,"column":71}},"locations":[{"start":{"line":76,"column":50},"end":{"line":76,"column":71}}]},"17":{"type":"branch","line":76,"loc":{"start":{"line":76,"column":91},"end":{"line":78,"column":7}},"locations":[{"start":{"line":76,"column":91},"end":{"line":78,"column":7}}]},"18":{"type":"branch","line":78,"loc":{"start":{"line":78,"column":6},"end":{"line":83,"column":8}},"locations":[{"start":{"line":78,"column":6},"end":{"line":83,"column":8}}]},"19":{"type":"branch","line":86,"loc":{"start":{"line":86,"column":31},"end":{"line":89,"column":5}},"locations":[{"start":{"line":86,"column":31},"end":{"line":89,"column":5}}]},"20":{"type":"branch","line":111,"loc":{"start":{"line":111,"column":25},"end":{"line":111,"column":86}},"locations":[{"start":{"line":111,"column":25},"end":{"line":111,"column":86}}]},"21":{"type":"branch","line":112,"loc":{"start":{"line":112,"column":22},"end":{"line":117,"column":3}},"locations":[{"start":{"line":112,"column":22},"end":{"line":117,"column":3}}]},"22":{"type":"branch","line":114,"loc":{"start":{"line":114,"column":59},"end":{"line":114,"column":75}},"locations":[{"start":{"line":114,"column":59},"end":{"line":114,"column":75}}]},"23":{"type":"branch","line":115,"loc":{"start":{"line":115,"column":23},"end":{"line":115,"column":82}},"locations":[{"start":{"line":115,"column":23},"end":{"line":115,"column":82}}]},"24":{"type":"branch","line":116,"loc":{"start":{"line":116,"column":47},"end":{"line":116,"column":72}},"locations":[{"start":{"line":116,"column":47},"end":{"line":116,"column":72}}]},"25":{"type":"branch","line":116,"loc":{"start":{"line":116,"column":74},"end":{"line":116,"column":93}},"locations":[{"start":{"line":116,"column":74},"end":{"line":116,"column":93}}]},"26":{"type":"branch","line":123,"loc":{"start":{"line":123,"column":0},"end":{"line":127,"column":1}},"locations":[{"start":{"line":123,"column":0},"end":{"line":127,"column":1}}]},"27":{"type":"branch","line":126,"loc":{"start":{"line":126,"column":26},"end":{"line":126,"column":59}},"locations":[{"start":{"line":126,"column":26},"end":{"line":126,"column":59}}]},"28":{"type":"branch","line":130,"loc":{"start":{"line":130,"column":7},"end":{"line":135,"column":1}},"locations":[{"start":{"line":130,"column":7},"end":{"line":135,"column":1}}]},"29":{"type":"branch","line":131,"loc":{"start":{"line":131,"column":40},"end":{"line":133,"column":3}},"locations":[{"start":{"line":131,"column":40},"end":{"line":133,"column":3}}]}},"b":{"0":[87],"1":[80],"2":[80],"3":[261],"4":[86],"5":[12],"6":[10],"7":[374],"8":[4],"9":[370],"10":[87],"11":[4],"12":[1],"13":[4],"14":[2],"15":[2],"16":[1],"17":[1],"18":[3],"19":[1],"20":[1],"21":[1],"22":[0],"23":[0],"24":[0],"25":[0],"26":[2],"27":[1],"28":[2],"29":[0]},"fnMap":{"0":{"name":"buildApp","decl":{"start":{"line":40,"column":7},"end":{"line":120,"column":1}},"loc":{"start":{"line":40,"column":7},"end":{"line":120,"column":1}},"line":40},"1":{"name":"constantTimeEqual","decl":{"start":{"line":123,"column":0},"end":{"line":127,"column":1}},"loc":{"start":{"line":123,"column":0},"end":{"line":127,"column":1}},"line":123},"2":{"name":"makeDefaultStore","decl":{"start":{"line":130,"column":7},"end":{"line":135,"column":1}},"loc":{"start":{"line":130,"column":7},"end":{"line":135,"column":1}},"line":130}},"f":{"0":87,"1":2,"2":2}}
,"/Users/lihiko/repo/Project_BeeUrEi/server/src/assist/matcher.ts": {"path":"/Users/lihiko/repo/Project_BeeUrEi/server/src/assist/matcher.ts","all":false,"statementMap":{"15":{"start":{"line":16,"column":0},"end":{"line":16,"column":86}},"16":{"start":{"line":17,"column":0},"end":{"line":17,"column":19}},"17":{"start":{"line":18,"column":0},"end":{"line":18,"column":28}},"18":{"start":{"line":19,"column":0},"end":{"line":19,"column":42}},"19":{"start":{"line":20,"column":0},"end":{"line":20,"column":53}},"20":{"start":{"line":21,"column":0},"end":{"line":21,"column":20}},"21":{"start":{"line":22,"column":0},"end":{"line":22,"column":1}},"23":{"start":{"line":24,"column":0},"end":{"line":24,"column":57}},"24":{"start":{"line":25,"column":0},"end":{"line":25,"column":11}},"25":{"start":{"line":26,"column":0},"end":{"line":26,"column":46}},"26":{"start":{"line":27,"column":0},"end":{"line":27,"column":76}},"27":{"start":{"line":28,"column":0},"end":{"line":28,"column":17}},"28":{"start":{"line":29,"column":0},"end":{"line":29,"column":10}},"29":{"start":{"line":30,"column":0},"end":{"line":30,"column":1}}},"s":{"15":1,"16":13,"17":13,"18":13,"19":13,"20":13,"21":13,"23":15,"24":15,"25":15,"26":15,"27":15,"28":15,"29":15},"branchMap":{"0":{"type":"branch","line":16,"loc":{"start":{"line":16,"column":7},"end":{"line":22,"column":1}},"locations":[{"start":{"line":16,"column":7},"end":{"line":22,"column":1}}]},"1":{"type":"branch","line":18,"loc":{"start":{"line":18,"column":12},"end":{"line":18,"column":27}},"locations":[{"start":{"line":18,"column":12},"end":{"line":18,"column":27}}]},"2":{"type":"branch","line":19,"loc":{"start":{"line":19,"column":9},"end":{"line":19,"column":41}},"locations":[{"start":{"line":19,"column":9},"end":{"line":19,"column":41}}]},"3":{"type":"branch","line":20,"loc":{"start":{"line":20,"column":10},"end":{"line":20,"column":52}},"locations":[{"start":{"line":20,"column":10},"end":{"line":20,"column":52}}]},"4":{"type":"branch","line":20,"loc":{"start":{"line":20,"column":28},"end":{"line":20,"column":52}},"locations":[{"start":{"line":20,"column":28},"end":{"line":20,"column":52}}]},"5":{"type":"branch","line":21,"loc":{"start":{"line":21,"column":9},"end":{"line":21,"column":19}},"locations":[{"start":{"line":21,"column":9},"end":{"line":21,"column":19}}]},"6":{"type":"branch","line":24,"loc":{"start":{"line":24,"column":0},"end":{"line":30,"column":1}},"locations":[{"start":{"line":24,"column":0},"end":{"line":30,"column":1}}]},"7":{"type":"branch","line":26,"loc":{"start":{"line":26,"column":10},"end":{"line":26,"column":38}},"locations":[{"start":{"line":26,"column":10},"end":{"line":26,"column":38}}]},"8":{"type":"branch","line":26,"loc":{"start":{"line":26,"column":38},"end":{"line":26,"column":46}},"locations":[{"start":{"line":26,"column":38},"end":{"line":26,"column":46}}]},"9":{"type":"branch","line":27,"loc":{"start":{"line":27,"column":10},"end":{"line":27,"column":69}},"locations":[{"start":{"line":27,"column":10},"end":{"line":27,"column":69}}]},"10":{"type":"branch","line":27,"loc":{"start":{"line":27,"column":69},"end":{"line":27,"column":76}},"locations":[{"start":{"line":27,"column":69},"end":{"line":27,"column":76}}]}},"b":{"0":[13],"1":[19],"2":[15],"3":[5],"4":[0],"5":[15],"6":[15],"7":[5],"8":[2],"9":[4],"10":[2]},"fnMap":{"0":{"name":"rankHelpers","decl":{"start":{"line":16,"column":7},"end":{"line":22,"column":1}},"loc":{"start":{"line":16,"column":7},"end":{"line":22,"column":1}},"line":16},"1":{"name":"score","decl":{"start":{"line":24,"column":0},"end":{"line":30,"column":1}},"loc":{"start":{"line":24,"column":0},"end":{"line":30,"column":1}},"line":24}},"f":{"0":13,"1":15}}
,"/Users/lihiko/repo/Project_BeeUrEi/server/src/assist/openHelp.ts": {"path":"/Users/lihiko/repo/Project_BeeUrEi/server/src/assist/openHelp.ts","all":false,"statementMap":{"41":{"start":{"line":42,"column":0},"end":{"line":42,"column":31}},"42":{"start":{"line":43,"column":0},"end":{"line":43,"column":47}},"44":{"start":{"line":45,"column":0},"end":{"line":45,"column":66}},"46":{"start":{"line":47,"column":0},"end":{"line":47,"column":14}},"47":{"start":{"line":48,"column":0},"end":{"line":48,"column":57}},"48":{"start":{"line":49,"column":0},"end":{"line":49,"column":79}},"49":{"start":{"line":50,"column":0},"end":{"line":50,"column":39}},"50":{"start":{"line":51,"column":0},"end":{"line":51,"column":6}},"52":{"start":{"line":53,"column":0},"end":{"line":53,"column":72}},"53":{"start":{"line":54,"column":0},"end":{"line":54,"column":27}},"54":{"start":{"line":55,"column":0},"end":{"line":55,"column":3}},"57":{"start":{"line":58,"column":0},"end":{"line":58,"column":39}},"58":{"start":{"line":59,"column":0},"end":{"line":59,"column":29}},"59":{"start":{"line":60,"column":0},"end":{"line":60,"column":85}},"60":{"start":{"line":61,"column":0},"end":{"line":61,"column":46}},"61":{"start":{"line":62,"column":0},"end":{"line":62,"column":72}},"62":{"start":{"line":63,"column":0},"end":{"line":63,"column":14}},"63":{"start":{"line":64,"column":0},"end":{"line":64,"column":34}},"64":{"start":{"line":65,"column":0},"end":{"line":65,"column":15}},"65":{"start":{"line":66,"column":0},"end":{"line":66,"column":3}},"67":{"start":{"line":68,"column":0},"end":{"line":68,"column":49}},"68":{"start":{"line":69,"column":0},"end":{"line":69,"column":32}},"69":{"start":{"line":70,"column":0},"end":{"line":70,"column":3}},"73":{"start":{"line":74,"column":0},"end":{"line":74,"column":86}},"74":{"start":{"line":75,"column":0},"end":{"line":75,"column":19}},"75":{"start":{"line":76,"column":0},"end":{"line":76,"column":34}},"76":{"start":{"line":77,"column":0},"end":{"line":77,"column":113}},"77":{"start":{"line":78,"column":0},"end":{"line":78,"column":48}},"78":{"start":{"line":79,"column":0},"end":{"line":79,"column":3}},"81":{"start":{"line":82,"column":0},"end":{"line":82,"column":91}},"82":{"start":{"line":83,"column":0},"end":{"line":83,"column":66}},"83":{"start":{"line":84,"column":0},"end":{"line":84,"column":23}},"84":{"start":{"line":85,"column":0},"end":{"line":85,"column":27}},"85":{"start":{"line":86,"column":0},"end":{"line":86,"column":31}},"86":{"start":{"line":87,"column":0},"end":{"line":87,"column":27}},"87":{"start":{"line":88,"column":0},"end":{"line":88,"column":27}},"88":{"start":{"line":89,"column":0},"end":{"line":89,"column":21}},"89":{"start":{"line":90,"column":0},"end":{"line":90,"column":73}},"90":{"start":{"line":91,"column":0},"end":{"line":91,"column":7}},"91":{"start":{"line":92,"column":0},"end":{"line":92,"column":3}},"95":{"start":{"line":96,"column":0},"end":{"line":96,"column":76}},"96":{"start":{"line":97,"column":0},"end":{"line":97,"column":19}},"97":{"start":{"line":98,"column":0},"end":{"line":98,"column":35}},"98":{"start":{"line":99,"column":0},"end":{"line":99,"column":23}},"99":{"start":{"line":100,"column":0},"end":{"line":100,"column":59}},"100":{"start":{"line":101,"column":0},"end":{"line":101,"column":70}},"101":{"start":{"line":102,"column":0},"end":{"line":102,"column":78}},"102":{"start":{"line":103,"column":0},"end":{"line":103,"column":34}},"103":{"start":{"line":104,"column":0},"end":{"line":104,"column":18}},"104":{"start":{"line":105,"column":0},"end":{"line":105,"column":3}},"110":{"start":{"line":111,"column":0},"end":{"line":111,"column":112}},"111":{"start":{"line":112,"column":0},"end":{"line":112,"column":59}},"112":{"start":{"line":113,"column":0},"end":{"line":113,"column":16}},"113":{"start":{"line":114,"column":0},"end":{"line":114,"column":59}},"114":{"start":{"line":115,"column":0},"end":{"line":115,"column":74}},"115":{"start":{"line":116,"column":0},"end":{"line":116,"column":20}},"116":{"start":{"line":117,"column":0},"end":{"line":117,"column":38}},"118":{"start":{"line":119,"column":0},"end":{"line":119,"column":42}},"119":{"start":{"line":120,"column":0},"end":{"line":120,"column":23}},"120":{"start":{"line":121,"column":0},"end":{"line":121,"column":19}},"121":{"start":{"line":122,"column":0},"end":{"line":122,"column":108}},"122":{"start":{"line":123,"column":0},"end":{"line":123,"column":9}},"123":{"start":{"line":124,"column":0},"end":{"line":124,"column":12}},"125":{"start":{"line":126,"column":0},"end":{"line":126,"column":29}},"126":{"start":{"line":127,"column":0},"end":{"line":127,"column":57}},"127":{"start":{"line":128,"column":0},"end":{"line":128,"column":33}},"128":{"start":{"line":129,"column":0},"end":{"line":129,"column":5}},"129":{"start":{"line":130,"column":0},"end":{"line":130,"column":15}},"130":{"start":{"line":131,"column":0},"end":{"line":131,"column":3}},"134":{"start":{"line":135,"column":0},"end":{"line":135,"column":63}},"135":{"start":{"line":136,"column":0},"end":{"line":136,"column":42}},"136":{"start":{"line":137,"column":0},"end":{"line":137,"column":35}},"137":{"start":{"line":138,"column":0},"end":{"line":138,"column":23}},"138":{"start":{"line":139,"column":0},"end":{"line":139,"column":69}},"139":{"start":{"line":140,"column":0},"end":{"line":140,"column":3}},"142":{"start":{"line":143,"column":0},"end":{"line":143,"column":51}},"143":{"start":{"line":144,"column":0},"end":{"line":144,"column":19}},"144":{"start":{"line":145,"column":0},"end":{"line":145,"column":32}},"145":{"start":{"line":146,"column":0},"end":{"line":146,"column":3}},"150":{"start":{"line":151,"column":0},"end":{"line":151,"column":73}},"151":{"start":{"line":152,"column":0},"end":{"line":152,"column":35}},"152":{"start":{"line":153,"column":0},"end":{"line":153,"column":24}},"153":{"start":{"line":154,"column":0},"end":{"line":154,"column":39}},"154":{"start":{"line":155,"column":0},"end":{"line":155,"column":30}},"155":{"start":{"line":156,"column":0},"end":{"line":156,"column":17}},"156":{"start":{"line":157,"column":0},"end":{"line":157,"column":5}},"157":{"start":{"line":158,"column":0},"end":{"line":158,"column":38}},"161":{"start":{"line":162,"column":0},"end":{"line":162,"column":98}},"162":{"start":{"line":163,"column":0},"end":{"line":163,"column":17}},"163":{"start":{"line":164,"column":0},"end":{"line":164,"column":5}},"164":{"start":{"line":165,"column":0},"end":{"line":165,"column":16}},"165":{"start":{"line":166,"column":0},"end":{"line":166,"column":3}},"167":{"start":{"line":168,"column":0},"end":{"line":168,"column":36}},"168":{"start":{"line":169,"column":0},"end":{"line":169,"column":38}},"170":{"start":{"line":171,"column":0},"end":{"line":171,"column":33}},"171":{"start":{"line":172,"column":0},"end":{"line":172,"column":76}},"172":{"start":{"line":173,"column":0},"end":{"line":173,"column":58}},"173":{"start":{"line":174,"column":0},"end":{"line":174,"column":39}},"174":{"start":{"line":175,"column":0},"end":{"line":175,"column":5}},"175":{"start":{"line":176,"column":0},"end":{"line":176,"column":3}},"178":{"start":{"line":179,"column":0},"end":{"line":179,"column":23}},"179":{"start":{"line":180,"column":0},"end":{"line":180,"column":48}},"180":{"start":{"line":181,"column":0},"end":{"line":181,"column":96}},"181":{"start":{"line":182,"column":0},"end":{"line":182,"column":60}},"182":{"start":{"line":183,"column":0},"end":{"line":183,"column":77}},"183":{"start":{"line":184,"column":0},"end":{"line":184,"column":3}},"185":{"start":{"line":186,"column":0},"end":{"line":186,"column":22}},"186":{"start":{"line":187,"column":0},"end":{"line":187,"column":25}},"187":{"start":{"line":188,"column":0},"end":{"line":188,"column":3}},"188":{"start":{"line":189,"column":0},"end":{"line":189,"column":1}}},"s":{"41":1,"42":1,"44":1,"46":1,"47":103,"48":103,"49":103,"50":103,"52":1,"53":88,"54":88,"57":1,"58":38,"59":38,"60":36,"61":38,"62":35,"63":35,"64":35,"65":38,"67":1,"68":12,"69":12,"73":1,"74":23,"75":23,"76":23,"77":23,"78":23,"81":1,"82":9,"83":6,"84":6,"85":6,"86":6,"87":6,"88":6,"89":6,"90":9,"91":9,"95":1,"96":19,"97":19,"98":19,"99":19,"100":19,"101":15,"102":15,"103":15,"104":19,"110":1,"111":7,"112":7,"113":7,"114":2,"115":5,"116":7,"118":4,"119":3,"120":3,"121":5,"122":3,"123":1,"125":7,"126":4,"127":4,"128":4,"129":0,"130":7,"134":1,"135":11,"136":11,"137":11,"138":11,"139":11,"142":1,"143":15,"144":15,"145":15,"150":1,"151":6,"152":6,"153":6,"154":2,"155":2,"156":2,"157":5,"161":3,"162":3,"163":3,"164":1,"165":6,"167":1,"168":102,"170":81,"171":13,"172":68,"173":81,"174":81,"175":102,"178":1,"179":35,"180":2,"181":2,"182":2,"183":35,"185":1,"186":1,"187":1,"188":1},"branchMap":{"0":{"type":"branch","line":47,"loc":{"start":{"line":47,"column":2},"end":{"line":51,"column":6}},"locations":[{"start":{"line":47,"column":2},"end":{"line":51,"column":6}}]},"1":{"type":"branch","line":53,"loc":{"start":{"line":53,"column":2},"end":{"line":55,"column":3}},"locations":[{"start":{"line":53,"column":2},"end":{"line":55,"column":3}}]},"2":{"type":"branch","line":58,"loc":{"start":{"line":58,"column":2},"end":{"line":66,"column":3}},"locations":[{"start":{"line":58,"column":2},"end":{"line":66,"column":3}}]},"3":{"type":"branch","line":60,"loc":{"start":{"line":60,"column":13},"end":{"line":60,"column":57}},"locations":[{"start":{"line":60,"column":13},"end":{"line":60,"column":57}}]},"4":{"type":"branch","line":60,"loc":{"start":{"line":60,"column":57},"end":{"line":60,"column":85}},"locations":[{"start":{"line":60,"column":57},"end":{"line":60,"column":85}}]},"5":{"type":"branch","line":60,"loc":{"start":{"line":60,"column":64},"end":{"line":62,"column":20}},"locations":[{"start":{"line":60,"column":64},"end":{"line":62,"column":20}}]},"6":{"type":"branch","line":62,"loc":{"start":{"line":62,"column":8},"end":{"line":62,"column":60}},"locations":[{"start":{"line":62,"column":8},"end":{"line":62,"column":60}}]},"7":{"type":"branch","line":62,"loc":{"start":{"line":62,"column":60},"end":{"line":62,"column":72}},"locations":[{"start":{"line":62,"column":60},"end":{"line":62,"column":72}}]},"8":{"type":"branch","line":62,"loc":{"start":{"line":62,"column":67},"end":{"line":65,"column":15}},"locations":[{"start":{"line":62,"column":67},"end":{"line":65,"column":15}}]},"9":{"type":"branch","line":68,"loc":{"start":{"line":68,"column":2},"end":{"line":70,"column":3}},"locations":[{"start":{"line":68,"column":2},"end":{"line":70,"column":3}}]},"10":{"type":"branch","line":74,"loc":{"start":{"line":74,"column":2},"end":{"line":79,"column":3}},"locations":[{"start":{"line":74,"column":2},"end":{"line":79,"column":3}}]},"11":{"type":"branch","line":77,"loc":{"start":{"line":77,"column":14},"end":{"line":77,"column":112}},"locations":[{"start":{"line":77,"column":14},"end":{"line":77,"column":112}}]},"12":{"type":"branch","line":77,"loc":{"start":{"line":77,"column":24},"end":{"line":77,"column":71}},"locations":[{"start":{"line":77,"column":24},"end":{"line":77,"column":71}}]},"13":{"type":"branch","line":77,"loc":{"start":{"line":77,"column":54},"end":{"line":77,"column":112}},"locations":[{"start":{"line":77,"column":54},"end":{"line":77,"column":112}}]},"14":{"type":"branch","line":77,"loc":{"start":{"line":77,"column":73},"end":{"line":77,"column":89}},"locations":[{"start":{"line":77,"column":73},"end":{"line":77,"column":89}}]},"15":{"type":"branch","line":77,"loc":{"start":{"line":77,"column":101},"end":{"line":77,"column":112}},"locations":[{"start":{"line":77,"column":101},"end":{"line":77,"column":112}}]},"16":{"type":"branch","line":78,"loc":{"start":{"line":78,"column":12},"end":{"line":78,"column":47}},"locations":[{"start":{"line":78,"column":12},"end":{"line":78,"column":47}}]},"17":{"type":"branch","line":82,"loc":{"start":{"line":82,"column":2},"end":{"line":92,"column":3}},"locations":[{"start":{"line":82,"column":2},"end":{"line":92,"column":3}}]},"18":{"type":"branch","line":83,"loc":{"start":{"line":83,"column":57},"end":{"line":91,"column":6}},"locations":[{"start":{"line":83,"column":57},"end":{"line":91,"column":6}}]},"19":{"type":"branch","line":96,"loc":{"start":{"line":96,"column":2},"end":{"line":105,"column":3}},"locations":[{"start":{"line":96,"column":2},"end":{"line":105,"column":3}}]},"20":{"type":"branch","line":99,"loc":{"start":{"line":99,"column":12},"end":{"line":99,"column":23}},"locations":[{"start":{"line":99,"column":12},"end":{"line":99,"column":23}}]},"21":{"type":"branch","line":99,"loc":{"start":{"line":99,"column":19},"end":{"line":100,"column":42}},"locations":[{"start":{"line":99,"column":19},"end":{"line":100,"column":42}}]},"22":{"type":"branch","line":100,"loc":{"start":{"line":100,"column":35},"end":{"line":100,"column":59}},"locations":[{"start":{"line":100,"column":35},"end":{"line":100,"column":59}}]},"23":{"type":"branch","line":100,"loc":{"start":{"line":100,"column":42},"end":{"line":101,"column":23}},"locations":[{"start":{"line":100,"column":42},"end":{"line":101,"column":23}}]},"24":{"type":"branch","line":101,"loc":{"start":{"line":101,"column":10},"end":{"line":101,"column":49}},"locations":[{"start":{"line":101,"column":10},"end":{"line":101,"column":49}}]},"25":{"type":"branch","line":101,"loc":{"start":{"line":101,"column":49},"end":{"line":101,"column":70}},"locations":[{"start":{"line":101,"column":49},"end":{"line":101,"column":70}}]},"26":{"type":"branch","line":101,"loc":{"start":{"line":101,"column":56},"end":{"line":104,"column":18}},"locations":[{"start":{"line":101,"column":56},"end":{"line":104,"column":18}}]},"27":{"type":"branch","line":111,"loc":{"start":{"line":111,"column":2},"end":{"line":131,"column":3}},"locations":[{"start":{"line":111,"column":2},"end":{"line":131,"column":3}}]},"28":{"type":"branch","line":114,"loc":{"start":{"line":114,"column":12},"end":{"line":114,"column":59}},"locations":[{"start":{"line":114,"column":12},"end":{"line":114,"column":59}}]},"29":{"type":"branch","line":114,"loc":{"start":{"line":114,"column":42},"end":{"line":115,"column":74}},"locations":[{"start":{"line":114,"column":42},"end":{"line":115,"column":74}}]},"30":{"type":"branch","line":115,"loc":{"start":{"line":115,"column":73},"end":{"line":116,"column":20}},"locations":[{"start":{"line":115,"column":73},"end":{"line":116,"column":20}}]},"31":{"type":"branch","line":117,"loc":{"start":{"line":117,"column":27},"end":{"line":123,"column":9}},"locations":[{"start":{"line":117,"column":27},"end":{"line":123,"column":9}}]},"32":{"type":"branch","line":117,"loc":{"start":{"line":117,"column":27},"end":{"line":117,"column":38}},"locations":[{"start":{"line":117,"column":27},"end":{"line":117,"column":38}}]},"33":{"type":"branch","line":117,"loc":{"start":{"line":117,"column":34},"end":{"line":123,"column":9}},"locations":[{"start":{"line":117,"column":34},"end":{"line":123,"column":9}}]},"34":{"type":"branch","line":117,"loc":{"start":{"line":117,"column":34},"end":{"line":119,"column":42}},"locations":[{"start":{"line":117,"column":34},"end":{"line":119,"column":42}}]},"35":{"type":"branch","line":119,"loc":{"start":{"line":119,"column":25},"end":{"line":123,"column":9}},"locations":[{"start":{"line":119,"column":25},"end":{"line":123,"column":9}}]},"36":{"type":"branch","line":123,"loc":{"start":{"line":123,"column":8},"end":{"line":124,"column":12}},"locations":[{"start":{"line":123,"column":8},"end":{"line":124,"column":12}}]},"37":{"type":"branch","line":126,"loc":{"start":{"line":126,"column":28},"end":{"line":130,"column":15}},"locations":[{"start":{"line":126,"column":28},"end":{"line":130,"column":15}}]},"38":{"type":"branch","line":126,"loc":{"start":{"line":126,"column":28},"end":{"line":129,"column":5}},"locations":[{"start":{"line":126,"column":28},"end":{"line":129,"column":5}}]},"39":{"type":"branch","line":129,"loc":{"start":{"line":129,"column":4},"end":{"line":130,"column":15}},"locations":[{"start":{"line":129,"column":4},"end":{"line":130,"column":15}}]},"40":{"type":"branch","line":115,"loc":{"start":{"line":115,"column":28},"end":{"line":115,"column":73}},"locations":[{"start":{"line":115,"column":28},"end":{"line":115,"column":73}}]},"41":{"type":"branch","line":121,"loc":{"start":{"line":121,"column":10},"end":{"line":122,"column":108}},"locations":[{"start":{"line":121,"column":10},"end":{"line":122,"column":108}}]},"42":{"type":"branch","line":135,"loc":{"start":{"line":135,"column":2},"end":{"line":140,"column":3}},"locations":[{"start":{"line":135,"column":2},"end":{"line":140,"column":3}}]},"43":{"type":"branch","line":136,"loc":{"start":{"line":136,"column":27},"end":{"line":136,"column":42}},"locations":[{"start":{"line":136,"column":27},"end":{"line":136,"column":42}}]},"44":{"type":"branch","line":138,"loc":{"start":{"line":138,"column":12},"end":{"line":139,"column":55}},"locations":[{"start":{"line":138,"column":12},"end":{"line":139,"column":55}}]},"45":{"type":"branch","line":138,"loc":{"start":{"line":138,"column":12},"end":{"line":138,"column":23}},"locations":[{"start":{"line":138,"column":12},"end":{"line":138,"column":23}}]},"46":{"type":"branch","line":138,"loc":{"start":{"line":138,"column":19},"end":{"line":139,"column":25}},"locations":[{"start":{"line":138,"column":19},"end":{"line":139,"column":25}}]},"47":{"type":"branch","line":139,"loc":{"start":{"line":139,"column":13},"end":{"line":139,"column":55}},"locations":[{"start":{"line":139,"column":13},"end":{"line":139,"column":55}}]},"48":{"type":"branch","line":139,"loc":{"start":{"line":139,"column":51},"end":{"line":139,"column":69}},"locations":[{"start":{"line":139,"column":51},"end":{"line":139,"column":69}}]},"49":{"type":"branch","line":143,"loc":{"start":{"line":143,"column":2},"end":{"line":146,"column":3}},"locations":[{"start":{"line":143,"column":2},"end":{"line":146,"column":3}}]},"50":{"type":"branch","line":151,"loc":{"start":{"line":151,"column":2},"end":{"line":166,"column":3}},"locations":[{"start":{"line":151,"column":2},"end":{"line":166,"column":3}}]},"51":{"type":"branch","line":153,"loc":{"start":{"line":153,"column":12},"end":{"line":153,"column":24}},"locations":[{"start":{"line":153,"column":12},"end":{"line":153,"column":24}}]},"52":{"type":"branch","line":154,"loc":{"start":{"line":154,"column":38},"end":{"line":164,"column":5}},"locations":[{"start":{"line":154,"column":38},"end":{"line":164,"column":5}}]},"53":{"type":"branch","line":154,"loc":{"start":{"line":154,"column":38},"end":{"line":157,"column":5}},"locations":[{"start":{"line":154,"column":38},"end":{"line":157,"column":5}}]},"54":{"type":"branch","line":157,"loc":{"start":{"line":157,"column":4},"end":{"line":158,"column":37}},"locations":[{"start":{"line":157,"column":4},"end":{"line":158,"column":37}}]},"55":{"type":"branch","line":158,"loc":{"start":{"line":158,"column":37},"end":{"line":164,"column":5}},"locations":[{"start":{"line":158,"column":37},"end":{"line":164,"column":5}}]},"56":{"type":"branch","line":164,"loc":{"start":{"line":164,"column":4},"end":{"line":165,"column":16}},"locations":[{"start":{"line":164,"column":4},"end":{"line":165,"column":16}}]},"57":{"type":"branch","line":168,"loc":{"start":{"line":168,"column":10},"end":{"line":176,"column":3}},"locations":[{"start":{"line":168,"column":10},"end":{"line":176,"column":3}}]},"58":{"type":"branch","line":169,"loc":{"start":{"line":169,"column":37},"end":{"line":175,"column":5}},"locations":[{"start":{"line":169,"column":37},"end":{"line":175,"column":5}}]},"59":{"type":"branch","line":171,"loc":{"start":{"line":171,"column":24},"end":{"line":172,"column":76}},"locations":[{"start":{"line":171,"column":24},"end":{"line":172,"column":76}}]},"60":{"type":"branch","line":172,"loc":{"start":{"line":172,"column":64},"end":{"line":173,"column":58}},"locations":[{"start":{"line":172,"column":64},"end":{"line":173,"column":58}}]},"61":{"type":"branch","line":173,"loc":{"start":{"line":173,"column":19},"end":{"line":173,"column":48}},"locations":[{"start":{"line":173,"column":19},"end":{"line":173,"column":48}}]},"62":{"type":"branch","line":174,"loc":{"start":{"line":174,"column":19},"end":{"line":174,"column":39}},"locations":[{"start":{"line":174,"column":19},"end":{"line":174,"column":39}}]},"63":{"type":"branch","line":179,"loc":{"start":{"line":179,"column":10},"end":{"line":184,"column":3}},"locations":[{"start":{"line":179,"column":10},"end":{"line":184,"column":3}}]},"64":{"type":"branch","line":180,"loc":{"start":{"line":180,"column":42},"end":{"line":180,"column":48}},"locations":[{"start":{"line":180,"column":42},"end":{"line":180,"column":48}}]},"65":{"type":"branch","line":180,"loc":{"start":{"line":180,"column":42},"end":{"line":183,"column":77}},"locations":[{"start":{"line":180,"column":42},"end":{"line":183,"column":77}}]},"66":{"type":"branch","line":181,"loc":{"start":{"line":181,"column":54},"end":{"line":181,"column":95}},"locations":[{"start":{"line":181,"column":54},"end":{"line":181,"column":95}}]},"67":{"type":"branch","line":186,"loc":{"start":{"line":186,"column":2},"end":{"line":188,"column":3}},"locations":[{"start":{"line":186,"column":2},"end":{"line":188,"column":3}}]}},"b":{"0":[103],"1":[88],"2":[38],"3":[12],"4":[2],"5":[36],"6":[2],"7":[1],"8":[35],"9":[12],"10":[23],"11":[28],"12":[23],"13":[21],"14":[8],"15":[13],"16":[7],"17":[9],"18":[6],"19":[19],"20":[1],"21":[18],"22":[1],"23":[17],"24":[3],"25":[2],"26":[15],"27":[7],"28":[2],"29":[2],"30":[5],"31":[6],"32":[3],"33":[5],"34":[4],"35":[3],"36":[1],"37":[6],"38":[4],"39":[0],"40":[2],"41":[5],"42":[11],"43":[7],"44":[8],"45":[4],"46":[7],"47":[5],"48":[2],"49":[15],"50":[6],"51":[0],"52":[5],"53":[2],"54":[4],"55":[3],"56":[1],"57":[102],"58":[81],"59":[13],"60":[68],"61":[64],"62":[4],"63":[35],"64":[33],"65":[2],"66":[4],"67":[1]},"fnMap":{"0":{"name":"OpenHelpRegistry","decl":{"start":{"line":47,"column":2},"end":{"line":51,"column":6}},"loc":{"start":{"line":47,"column":2},"end":{"line":51,"column":6}},"line":47},"1":{"name":"setConflictCheck","decl":{"start":{"line":53,"column":2},"end":{"line":55,"column":3}},"loc":{"start":{"line":53,"column":2},"end":{"line":55,"column":3}},"line":53},"2":{"name":"register","decl":{"start":{"line":58,"column":2},"end":{"line":66,"column":3}},"loc":{"start":{"line":58,"column":2},"end":{"line":66,"column":3}},"line":58},"3":{"name":"byId","decl":{"start":{"line":68,"column":2},"end":{"line":70,"column":3}},"loc":{"start":{"line":68,"column":2},"end":{"line":70,"column":3}},"line":68},"4":{"name":"open","decl":{"start":{"line":74,"column":2},"end":{"line":79,"column":3}},"loc":{"start":{"line":74,"column":2},"end":{"line":79,"column":3}},"line":74},"5":{"name":"summaries","decl":{"start":{"line":82,"column":2},"end":{"line":92,"column":3}},"loc":{"start":{"line":82,"column":2},"end":{"line":92,"column":3}},"line":82},"6":{"name":"claim","decl":{"start":{"line":96,"column":2},"end":{"line":105,"column":3}},"loc":{"start":{"line":96,"column":2},"end":{"line":105,"column":3}},"line":96},"7":{"name":"matchOne","decl":{"start":{"line":111,"column":2},"end":{"line":131,"column":3}},"loc":{"start":{"line":111,"column":2},"end":{"line":131,"column":3}},"line":111},"8":{"name":"participants","decl":{"start":{"line":135,"column":2},"end":{"line":140,"column":3}},"loc":{"start":{"line":135,"column":2},"end":{"line":140,"column":3}},"line":135},"9":{"name":"hasActive","decl":{"start":{"line":143,"column":2},"end":{"line":146,"column":3}},"loc":{"start":{"line":143,"column":2},"end":{"line":146,"column":3}},"line":143},"10":{"name":"cancel","decl":{"start":{"line":151,"column":2},"end":{"line":166,"column":3}},"loc":{"start":{"line":151,"column":2},"end":{"line":166,"column":3}},"line":151},"11":{"name":"prune","decl":{"start":{"line":168,"column":10},"end":{"line":176,"column":3}},"loc":{"start":{"line":168,"column":10},"end":{"line":176,"column":3}},"line":168},"12":{"name":"cap","decl":{"start":{"line":179,"column":10},"end":{"line":184,"column":3}},"loc":{"start":{"line":179,"column":10},"end":{"line":184,"column":3}},"line":179},"13":{"name":"get size","decl":{"start":{"line":186,"column":2},"end":{"line":188,"column":3}},"loc":{"start":{"line":186,"column":2},"end":{"line":188,"column":3}},"line":186}},"f":{"0":103,"1":88,"2":38,"3":12,"4":23,"5":9,"6":19,"7":7,"8":11,"9":15,"10":6,"11":102,"12":35,"13":1}}
,"/Users/lihiko/repo/Project_BeeUrEi/server/src/assist/pendingCalls.ts": {"path":"/Users/lihiko/repo/Project_BeeUrEi/server/src/assist/pendingCalls.ts","all":false,"statementMap":{"14":{"start":{"line":15,"column":0},"end":{"line":15,"column":34}},"15":{"start":{"line":16,"column":0},"end":{"line":16,"column":48}},"17":{"start":{"line":18,"column":0},"end":{"line":18,"column":66}},"19":{"start":{"line":20,"column":0},"end":{"line":20,"column":14}},"21":{"start":{"line":22,"column":0},"end":{"line":22,"column":37}},"22":{"start":{"line":23,"column":0},"end":{"line":23,"column":39}},"23":{"start":{"line":24,"column":0},"end":{"line":24,"column":6}},"25":{"start":{"line":26,"column":0},"end":{"line":26,"column":72}},"26":{"start":{"line":27,"column":0},"end":{"line":27,"column":27}},"27":{"start":{"line":28,"column":0},"end":{"line":28,"column":3}},"30":{"start":{"line":31,"column":0},"end":{"line":31,"column":40}},"31":{"start":{"line":32,"column":0},"end":{"line":32,"column":83}},"32":{"start":{"line":33,"column":0},"end":{"line":33,"column":87}},"33":{"start":{"line":34,"column":0},"end":{"line":34,"column":48}},"34":{"start":{"line":35,"column":0},"end":{"line":35,"column":73}},"35":{"start":{"line":36,"column":0},"end":{"line":36,"column":14}},"36":{"start":{"line":37,"column":0},"end":{"line":37,"column":37}},"37":{"start":{"line":38,"column":0},"end":{"line":38,"column":15}},"38":{"start":{"line":39,"column":0},"end":{"line":39,"column":3}},"42":{"start":{"line":43,"column":0},"end":{"line":43,"column":63}},"43":{"start":{"line":44,"column":0},"end":{"line":44,"column":42}},"44":{"start":{"line":45,"column":0},"end":{"line":45,"column":36}},"45":{"start":{"line":46,"column":0},"end":{"line":46,"column":23}},"46":{"start":{"line":47,"column":0},"end":{"line":47,"column":41}},"47":{"start":{"line":48,"column":0},"end":{"line":48,"column":3}},"50":{"start":{"line":51,"column":0},"end":{"line":51,"column":51}},"51":{"start":{"line":52,"column":0},"end":{"line":52,"column":19}},"52":{"start":{"line":53,"column":0},"end":{"line":53,"column":33}},"53":{"start":{"line":54,"column":0},"end":{"line":54,"column":3}},"56":{"start":{"line":57,"column":0},"end":{"line":57,"column":59}},"57":{"start":{"line":58,"column":0},"end":{"line":58,"column":19}},"58":{"start":{"line":59,"column":0},"end":{"line":59,"column":35}},"59":{"start":{"line":60,"column":0},"end":{"line":60,"column":50}},"60":{"start":{"line":61,"column":0},"end":{"line":61,"column":48}},"61":{"start":{"line":62,"column":0},"end":{"line":62,"column":3}},"67":{"start":{"line":68,"column":0},"end":{"line":68,"column":56}},"68":{"start":{"line":69,"column":0},"end":{"line":69,"column":36}},"69":{"start":{"line":70,"column":0},"end":{"line":70,"column":24}},"70":{"start":{"line":71,"column":0},"end":{"line":71,"column":39}},"71":{"start":{"line":72,"column":0},"end":{"line":72,"column":31}},"72":{"start":{"line":73,"column":0},"end":{"line":73,"column":17}},"73":{"start":{"line":74,"column":0},"end":{"line":74,"column":5}},"74":{"start":{"line":75,"column":0},"end":{"line":75,"column":44}},"75":{"start":{"line":76,"column":0},"end":{"line":76,"column":70}},"76":{"start":{"line":77,"column":0},"end":{"line":77,"column":59}},"77":{"start":{"line":78,"column":0},"end":{"line":78,"column":65}},"78":{"start":{"line":79,"column":0},"end":{"line":79,"column":17}},"79":{"start":{"line":80,"column":0},"end":{"line":80,"column":5}},"80":{"start":{"line":81,"column":0},"end":{"line":81,"column":16}},"81":{"start":{"line":82,"column":0},"end":{"line":82,"column":3}},"84":{"start":{"line":85,"column":0},"end":{"line":85,"column":65}},"85":{"start":{"line":86,"column":0},"end":{"line":86,"column":19}},"86":{"start":{"line":87,"column":0},"end":{"line":87,"column":36}},"87":{"start":{"line":88,"column":0},"end":{"line":88,"column":57}},"88":{"start":{"line":89,"column":0},"end":{"line":89,"column":43}},"89":{"start":{"line":90,"column":0},"end":{"line":90,"column":19}},"90":{"start":{"line":91,"column":0},"end":{"line":91,"column":58}},"91":{"start":{"line":92,"column":0},"end":{"line":92,"column":15}},"92":{"start":{"line":93,"column":0},"end":{"line":93,"column":3}},"95":{"start":{"line":96,"column":0},"end":{"line":96,"column":82}},"96":{"start":{"line":97,"column":0},"end":{"line":97,"column":19}},"97":{"start":{"line":98,"column":0},"end":{"line":98,"column":36}},"98":{"start":{"line":99,"column":0},"end":{"line":99,"column":56}},"99":{"start":{"line":100,"column":0},"end":{"line":100,"column":48}},"100":{"start":{"line":101,"column":0},"end":{"line":101,"column":93}},"101":{"start":{"line":102,"column":0},"end":{"line":102,"column":40}},"102":{"start":{"line":103,"column":0},"end":{"line":103,"column":3}},"104":{"start":{"line":105,"column":0},"end":{"line":105,"column":36}},"105":{"start":{"line":106,"column":0},"end":{"line":106,"column":39}},"106":{"start":{"line":107,"column":0},"end":{"line":107,"column":63}},"107":{"start":{"line":108,"column":0},"end":{"line":108,"column":5}},"108":{"start":{"line":109,"column":0},"end":{"line":109,"column":3}},"111":{"start":{"line":112,"column":0},"end":{"line":112,"column":23}},"112":{"start":{"line":113,"column":0},"end":{"line":113,"column":49}},"113":{"start":{"line":114,"column":0},"end":{"line":114,"column":97}},"114":{"start":{"line":115,"column":0},"end":{"line":115,"column":61}},"115":{"start":{"line":116,"column":0},"end":{"line":116,"column":78}},"116":{"start":{"line":117,"column":0},"end":{"line":117,"column":3}},"118":{"start":{"line":119,"column":0},"end":{"line":119,"column":22}},"119":{"start":{"line":120,"column":0},"end":{"line":120,"column":26}},"120":{"start":{"line":121,"column":0},"end":{"line":121,"column":3}},"121":{"start":{"line":122,"column":0},"end":{"line":122,"column":1}}},"s":{"14":1,"15":1,"17":1,"19":1,"21":96,"22":96,"23":96,"25":1,"26":87,"27":87,"30":1,"31":25,"32":25,"33":24,"34":25,"35":23,"36":23,"37":23,"38":25,"42":1,"43":9,"44":9,"45":9,"46":4,"47":9,"50":1,"51":12,"52":12,"53":12,"56":1,"57":17,"58":17,"59":17,"60":17,"61":17,"67":1,"68":5,"69":5,"70":5,"71":1,"72":1,"73":1,"74":4,"75":3,"76":3,"77":1,"78":3,"79":3,"80":1,"81":5,"84":1,"85":1,"86":1,"87":1,"88":1,"89":1,"90":1,"91":1,"92":1,"95":1,"96":0,"97":0,"98":0,"99":0,"100":0,"101":0,"102":0,"104":1,"105":64,"106":28,"107":28,"108":64,"111":1,"112":23,"113":0,"114":0,"115":0,"116":23,"118":1,"119":1,"120":1,"121":1},"branchMap":{"0":{"type":"branch","line":20,"loc":{"start":{"line":20,"column":2},"end":{"line":24,"column":6}},"locations":[{"start":{"line":20,"column":2},"end":{"line":24,"column":6}}]},"1":{"type":"branch","line":26,"loc":{"start":{"line":26,"column":2},"end":{"line":28,"column":3}},"locations":[{"start":{"line":26,"column":2},"end":{"line":28,"column":3}}]},"2":{"type":"branch","line":31,"loc":{"start":{"line":31,"column":2},"end":{"line":39,"column":3}},"locations":[{"start":{"line":31,"column":2},"end":{"line":39,"column":3}}]},"3":{"type":"branch","line":33,"loc":{"start":{"line":33,"column":13},"end":{"line":33,"column":59}},"locations":[{"start":{"line":33,"column":13},"end":{"line":33,"column":59}}]},"4":{"type":"branch","line":33,"loc":{"start":{"line":33,"column":59},"end":{"line":35,"column":20}},"locations":[{"start":{"line":33,"column":59},"end":{"line":35,"column":20}}]},"5":{"type":"branch","line":33,"loc":{"start":{"line":33,"column":59},"end":{"line":33,"column":87}},"locations":[{"start":{"line":33,"column":59},"end":{"line":33,"column":87}}]},"6":{"type":"branch","line":35,"loc":{"start":{"line":35,"column":8},"end":{"line":35,"column":61}},"locations":[{"start":{"line":35,"column":8},"end":{"line":35,"column":61}}]},"7":{"type":"branch","line":35,"loc":{"start":{"line":35,"column":61},"end":{"line":35,"column":73}},"locations":[{"start":{"line":35,"column":61},"end":{"line":35,"column":73}}]},"8":{"type":"branch","line":35,"loc":{"start":{"line":35,"column":68},"end":{"line":38,"column":15}},"locations":[{"start":{"line":35,"column":68},"end":{"line":38,"column":15}}]},"9":{"type":"branch","line":43,"loc":{"start":{"line":43,"column":2},"end":{"line":48,"column":3}},"locations":[{"start":{"line":43,"column":2},"end":{"line":48,"column":3}}]},"10":{"type":"branch","line":46,"loc":{"start":{"line":46,"column":12},"end":{"line":47,"column":41}},"locations":[{"start":{"line":46,"column":12},"end":{"line":47,"column":41}}]},"11":{"type":"branch","line":46,"loc":{"start":{"line":46,"column":12},"end":{"line":46,"column":23}},"locations":[{"start":{"line":46,"column":12},"end":{"line":46,"column":23}}]},"12":{"type":"branch","line":46,"loc":{"start":{"line":46,"column":19},"end":{"line":47,"column":41}},"locations":[{"start":{"line":46,"column":19},"end":{"line":47,"column":41}}]},"13":{"type":"branch","line":51,"loc":{"start":{"line":51,"column":2},"end":{"line":54,"column":3}},"locations":[{"start":{"line":51,"column":2},"end":{"line":54,"column":3}}]},"14":{"type":"branch","line":57,"loc":{"start":{"line":57,"column":2},"end":{"line":62,"column":3}},"locations":[{"start":{"line":57,"column":2},"end":{"line":62,"column":3}}]},"15":{"type":"branch","line":60,"loc":{"start":{"line":60,"column":14},"end":{"line":60,"column":49}},"locations":[{"start":{"line":60,"column":14},"end":{"line":60,"column":49}}]},"16":{"type":"branch","line":61,"loc":{"start":{"line":61,"column":12},"end":{"line":61,"column":47}},"locations":[{"start":{"line":61,"column":12},"end":{"line":61,"column":47}}]},"17":{"type":"branch","line":68,"loc":{"start":{"line":68,"column":2},"end":{"line":82,"column":3}},"locations":[{"start":{"line":68,"column":2},"end":{"line":82,"column":3}}]},"18":{"type":"branch","line":70,"loc":{"start":{"line":70,"column":12},"end":{"line":70,"column":24}},"locations":[{"start":{"line":70,"column":12},"end":{"line":70,"column":24}}]},"19":{"type":"branch","line":71,"loc":{"start":{"line":71,"column":38},"end":{"line":74,"column":5}},"locations":[{"start":{"line":71,"column":38},"end":{"line":74,"column":5}}]},"20":{"type":"branch","line":74,"loc":{"start":{"line":74,"column":4},"end":{"line":81,"column":16}},"locations":[{"start":{"line":74,"column":4},"end":{"line":81,"column":16}}]},"21":{"type":"branch","line":75,"loc":{"start":{"line":75,"column":43},"end":{"line":80,"column":5}},"locations":[{"start":{"line":75,"column":43},"end":{"line":80,"column":5}}]},"22":{"type":"branch","line":77,"loc":{"start":{"line":77,"column":34},"end":{"line":77,"column":59}},"locations":[{"start":{"line":77,"column":34},"end":{"line":77,"column":59}}]},"23":{"type":"branch","line":77,"loc":{"start":{"line":77,"column":58},"end":{"line":78,"column":65}},"locations":[{"start":{"line":77,"column":58},"end":{"line":78,"column":65}}]},"24":{"type":"branch","line":80,"loc":{"start":{"line":80,"column":4},"end":{"line":81,"column":16}},"locations":[{"start":{"line":80,"column":4},"end":{"line":81,"column":16}}]},"25":{"type":"branch","line":76,"loc":{"start":{"line":76,"column":43},"end":{"line":76,"column":69}},"locations":[{"start":{"line":76,"column":43},"end":{"line":76,"column":69}}]},"26":{"type":"branch","line":85,"loc":{"start":{"line":85,"column":2},"end":{"line":93,"column":3}},"locations":[{"start":{"line":85,"column":2},"end":{"line":93,"column":3}}]},"27":{"type":"branch","line":88,"loc":{"start":{"line":88,"column":45},"end":{"line":88,"column":57}},"locations":[{"start":{"line":88,"column":45},"end":{"line":88,"column":57}}]},"28":{"type":"branch","line":105,"loc":{"start":{"line":105,"column":10},"end":{"line":109,"column":3}},"locations":[{"start":{"line":105,"column":10},"end":{"line":109,"column":3}}]},"29":{"type":"branch","line":106,"loc":{"start":{"line":106,"column":38},"end":{"line":108,"column":5}},"locations":[{"start":{"line":106,"column":38},"end":{"line":108,"column":5}}]},"30":{"type":"branch","line":107,"loc":{"start":{"line":107,"column":42},"end":{"line":107,"column":63}},"locations":[{"start":{"line":107,"column":42},"end":{"line":107,"column":63}}]},"31":{"type":"branch","line":112,"loc":{"start":{"line":112,"column":10},"end":{"line":117,"column":3}},"locations":[{"start":{"line":112,"column":10},"end":{"line":117,"column":3}}]},"32":{"type":"branch","line":113,"loc":{"start":{"line":113,"column":43},"end":{"line":116,"column":78}},"locations":[{"start":{"line":113,"column":43},"end":{"line":116,"column":78}}]},"33":{"type":"branch","line":119,"loc":{"start":{"line":119,"column":2},"end":{"line":121,"column":3}},"locations":[{"start":{"line":119,"column":2},"end":{"line":121,"column":3}}]}},"b":{"0":[96],"1":[87],"2":[25],"3":[12],"4":[24],"5":[1],"6":[2],"7":[1],"8":[23],"9":[9],"10":[8],"11":[5],"12":[4],"13":[12],"14":[17],"15":[14],"16":[1],"17":[5],"18":[0],"19":[1],"20":[4],"21":[3],"22":[2],"23":[1],"24":[1],"25":[4],"26":[1],"27":[0],"28":[64],"29":[28],"30":[4],"31":[23],"32":[0],"33":[1]},"fnMap":{"0":{"name":"PendingCallRegistry","decl":{"start":{"line":20,"column":2},"end":{"line":24,"column":6}},"loc":{"start":{"line":20,"column":2},"end":{"line":24,"column":6}},"line":20},"1":{"name":"setConflictCheck","decl":{"start":{"line":26,"column":2},"end":{"line":28,"column":3}},"loc":{"start":{"line":26,"column":2},"end":{"line":28,"column":3}},"line":26},"2":{"name":"register","decl":{"start":{"line":31,"column":2},"end":{"line":39,"column":3}},"loc":{"start":{"line":31,"column":2},"end":{"line":39,"column":3}},"line":31},"3":{"name":"participants","decl":{"start":{"line":43,"column":2},"end":{"line":48,"column":3}},"loc":{"start":{"line":43,"column":2},"end":{"line":48,"column":3}},"line":43},"4":{"name":"hasActive","decl":{"start":{"line":51,"column":2},"end":{"line":54,"column":3}},"loc":{"start":{"line":51,"column":2},"end":{"line":54,"column":3}},"line":51},"5":{"name":"incomingFor","decl":{"start":{"line":57,"column":2},"end":{"line":62,"column":3}},"loc":{"start":{"line":57,"column":2},"end":{"line":62,"column":3}},"line":57},"6":{"name":"cancel","decl":{"start":{"line":68,"column":2},"end":{"line":82,"column":3}},"loc":{"start":{"line":68,"column":2},"end":{"line":82,"column":3}},"line":68},"7":{"name":"decline","decl":{"start":{"line":85,"column":2},"end":{"line":93,"column":3}},"loc":{"start":{"line":85,"column":2},"end":{"line":93,"column":3}},"line":85},"8":{"name":"status","decl":{"start":{"line":96,"column":2},"end":{"line":103,"column":3}},"loc":{"start":{"line":96,"column":2},"end":{"line":103,"column":3}},"line":96},"9":{"name":"prune","decl":{"start":{"line":105,"column":10},"end":{"line":109,"column":3}},"loc":{"start":{"line":105,"column":10},"end":{"line":109,"column":3}},"line":105},"10":{"name":"cap","decl":{"start":{"line":112,"column":10},"end":{"line":117,"column":3}},"loc":{"start":{"line":112,"column":10},"end":{"line":117,"column":3}},"line":112},"11":{"name":"get size","decl":{"start":{"line":119,"column":2},"end":{"line":121,"column":3}},"loc":{"start":{"line":119,"column":2},"end":{"line":121,"column":3}},"line":119}},"f":{"0":96,"1":87,"2":25,"3":9,"4":12,"5":17,"6":5,"7":1,"8":0,"9":64,"10":23,"11":1}}
,"/Users/lihiko/repo/Project_BeeUrEi/server/src/assist/presence.ts": {"path":"/Users/lihiko/repo/Project_BeeUrEi/server/src/assist/presence.ts","all":false,"statementMap":{"2":{"start":{"line":3,"column":0},"end":{"line":3,"column":31}},"3":{"start":{"line":4,"column":0},"end":{"line":4,"column":85}},"4":{"start":{"line":5,"column":0},"end":{"line":5,"column":84}},"6":{"start":{"line":7,"column":0},"end":{"line":7,"column":48}},"10":{"start":{"line":11,"column":0},"end":{"line":11,"column":87}},"13":{"start":{"line":14,"column":0},"end":{"line":14,"column":92}},"14":{"start":{"line":15,"column":0},"end":{"line":15,"column":41}},"15":{"start":{"line":16,"column":0},"end":{"line":16,"column":69}},"16":{"start":{"line":17,"column":0},"end":{"line":17,"column":40}},"17":{"start":{"line":18,"column":0},"end":{"line":18,"column":45}},"18":{"start":{"line":19,"column":0},"end":{"line":19,"column":33}},"19":{"start":{"line":20,"column":0},"end":{"line":20,"column":3}},"21":{"start":{"line":22,"column":0},"end":{"line":22,"column":53}},"22":{"start":{"line":23,"column":0},"end":{"line":23,"column":35}},"23":{"start":{"line":24,"column":0},"end":{"line":24,"column":51}},"24":{"start":{"line":25,"column":0},"end":{"line":25,"column":3}},"26":{"start":{"line":27,"column":0},"end":{"line":27,"column":46}},"27":{"start":{"line":28,"column":0},"end":{"line":28,"column":31}},"28":{"start":{"line":29,"column":0},"end":{"line":29,"column":71}},"29":{"start":{"line":30,"column":0},"end":{"line":30,"column":12}},"30":{"start":{"line":31,"column":0},"end":{"line":31,"column":3}},"31":{"start":{"line":32,"column":0},"end":{"line":32,"column":1}}},"s":{"2":1,"3":1,"4":1,"6":1,"10":1,"13":13,"14":13,"15":13,"16":12,"17":13,"18":2,"19":13,"21":1,"22":15,"23":15,"24":15,"26":1,"27":0,"28":0,"29":0,"30":0,"31":1},"branchMap":{"0":{"type":"branch","line":7,"loc":{"start":{"line":7,"column":2},"end":{"line":7,"column":48}},"locations":[{"start":{"line":7,"column":2},"end":{"line":7,"column":48}}]},"1":{"type":"branch","line":11,"loc":{"start":{"line":11,"column":2},"end":{"line":20,"column":3}},"locations":[{"start":{"line":11,"column":2},"end":{"line":20,"column":3}}]},"2":{"type":"branch","line":14,"loc":{"start":{"line":14,"column":64},"end":{"line":14,"column":75}},"locations":[{"start":{"line":14,"column":64},"end":{"line":14,"column":75}}]},"3":{"type":"branch","line":16,"loc":{"start":{"line":16,"column":17},"end":{"line":16,"column":49}},"locations":[{"start":{"line":16,"column":17},"end":{"line":16,"column":49}}]},"4":{"type":"branch","line":16,"loc":{"start":{"line":16,"column":49},"end":{"line":16,"column":69}},"locations":[{"start":{"line":16,"column":49},"end":{"line":16,"column":69}}]},"5":{"type":"branch","line":16,"loc":{"start":{"line":16,"column":49},"end":{"line":18,"column":24}},"locations":[{"start":{"line":16,"column":49},"end":{"line":18,"column":24}}]},"6":{"type":"branch","line":18,"loc":{"start":{"line":18,"column":19},"end":{"line":18,"column":45}},"locations":[{"start":{"line":18,"column":19},"end":{"line":18,"column":45}}]},"7":{"type":"branch","line":18,"loc":{"start":{"line":18,"column":44},"end":{"line":19,"column":33}},"locations":[{"start":{"line":18,"column":44},"end":{"line":19,"column":33}}]},"8":{"type":"branch","line":22,"loc":{"start":{"line":22,"column":2},"end":{"line":25,"column":3}},"locations":[{"start":{"line":22,"column":2},"end":{"line":25,"column":3}}]},"9":{"type":"branch","line":24,"loc":{"start":{"line":24,"column":17},"end":{"line":24,"column":51}},"locations":[{"start":{"line":24,"column":17},"end":{"line":24,"column":51}}]}},"b":{"0":[90],"1":[13],"2":[0],"3":[3],"4":[1],"5":[12],"6":[10],"7":[2],"8":[15],"9":[11]},"fnMap":{"0":{"name":"PresenceRegistry","decl":{"start":{"line":7,"column":2},"end":{"line":7,"column":48}},"loc":{"start":{"line":7,"column":2},"end":{"line":7,"column":48}},"line":7},"1":{"name":"heartbeat","decl":{"start":{"line":11,"column":2},"end":{"line":20,"column":3}},"loc":{"start":{"line":11,"column":2},"end":{"line":20,"column":3}},"line":11},"2":{"name":"isAvailable","decl":{"start":{"line":22,"column":2},"end":{"line":25,"column":3}},"loc":{"start":{"line":22,"column":2},"end":{"line":25,"column":3}},"line":22},"3":{"name":"availableUserIds","decl":{"start":{"line":27,"column":2},"end":{"line":31,"column":3}},"loc":{"start":{"line":27,"column":2},"end":{"line":31,"column":3}},"line":27}},"f":{"0":90,"1":13,"2":15,"3":0}}
,"/Users/lihiko/repo/Project_BeeUrEi/server/src/assist/turnCredentials.ts": {"path":"/Users/lihiko/repo/Project_BeeUrEi/server/src/assist/turnCredentials.ts","all":false,"statementMap":{"0":{"start":{"line":1,"column":0},"end":{"line":1,"column":40}},"11":{"start":{"line":12,"column":0},"end":{"line":12,"column":126}},"12":{"start":{"line":13,"column":0},"end":{"line":13,"column":54}},"13":{"start":{"line":14,"column":0},"end":{"line":14,"column":33}},"14":{"start":{"line":15,"column":0},"end":{"line":15,"column":81}},"15":{"start":{"line":16,"column":0},"end":{"line":16,"column":33}},"16":{"start":{"line":17,"column":0},"end":{"line":17,"column":1}},"19":{"start":{"line":20,"column":0},"end":{"line":20,"column":39}},"25":{"start":{"line":26,"column":0},"end":{"line":26,"column":17}},"26":{"start":{"line":27,"column":0},"end":{"line":27,"column":33}},"27":{"start":{"line":28,"column":0},"end":{"line":28,"column":57}},"28":{"start":{"line":29,"column":0},"end":{"line":29,"column":40}},"29":{"start":{"line":30,"column":0},"end":{"line":30,"column":94}},"30":{"start":{"line":31,"column":0},"end":{"line":31,"column":59}},"31":{"start":{"line":32,"column":0},"end":{"line":32,"column":3}},"32":{"start":{"line":33,"column":0},"end":{"line":33,"column":16}},"33":{"start":{"line":34,"column":0},"end":{"line":34,"column":1}}},"s":{"0":1,"11":1,"12":4,"13":4,"14":4,"15":4,"16":4,"19":1,"25":3,"26":3,"27":3,"28":3,"29":1,"30":1,"31":1,"32":3,"33":3},"branchMap":{"0":{"type":"branch","line":12,"loc":{"start":{"line":12,"column":7},"end":{"line":17,"column":1}},"locations":[{"start":{"line":12,"column":7},"end":{"line":17,"column":1}}]},"1":{"type":"branch","line":20,"loc":{"start":{"line":20,"column":7},"end":{"line":34,"column":1}},"locations":[{"start":{"line":20,"column":7},"end":{"line":34,"column":1}}]},"2":{"type":"branch","line":29,"loc":{"start":{"line":29,"column":11},"end":{"line":29,"column":39}},"locations":[{"start":{"line":29,"column":11},"end":{"line":29,"column":39}}]},"3":{"type":"branch","line":29,"loc":{"start":{"line":29,"column":39},"end":{"line":32,"column":3}},"locations":[{"start":{"line":29,"column":39},"end":{"line":32,"column":3}}]}},"b":{"0":[4],"1":[3],"2":[1],"3":[1]},"fnMap":{"0":{"name":"turnCredentials","decl":{"start":{"line":12,"column":7},"end":{"line":17,"column":1}},"loc":{"start":{"line":12,"column":7},"end":{"line":17,"column":1}},"line":12},"1":{"name":"buildIceServers","decl":{"start":{"line":20,"column":7},"end":{"line":34,"column":1}},"loc":{"start":{"line":20,"column":7},"end":{"line":34,"column":1}},"line":20}},"f":{"0":4,"1":3}}
,"/Users/lihiko/repo/Project_BeeUrEi/server/src/auth/codes.ts": {"path":"/Users/lihiko/repo/Project_BeeUrEi/server/src/auth/codes.ts","all":false,"statementMap":{"0":{"start":{"line":1,"column":0},"end":{"line":1,"column":51}},"11":{"start":{"line":12,"column":0},"end":{"line":12,"column":27}},"12":{"start":{"line":13,"column":0},"end":{"line":13,"column":44}},"14":{"start":{"line":15,"column":0},"end":{"line":15,"column":14}},"15":{"start":{"line":16,"column":0},"end":{"line":16,"column":44}},"16":{"start":{"line":17,"column":0},"end":{"line":17,"column":37}},"17":{"start":{"line":18,"column":0},"end":{"line":18,"column":6}},"19":{"start":{"line":20,"column":0},"end":{"line":20,"column":38}},"20":{"start":{"line":21,"column":0},"end":{"line":21,"column":58}},"21":{"start":{"line":22,"column":0},"end":{"line":22,"column":3}},"25":{"start":{"line":26,"column":0},"end":{"line":26,"column":58}},"26":{"start":{"line":27,"column":0},"end":{"line":27,"column":70}},"27":{"start":{"line":28,"column":0},"end":{"line":28,"column":91}},"28":{"start":{"line":29,"column":0},"end":{"line":29,"column":12}},"29":{"start":{"line":30,"column":0},"end":{"line":30,"column":3}},"32":{"start":{"line":33,"column":0},"end":{"line":33,"column":59}},"33":{"start":{"line":34,"column":0},"end":{"line":34,"column":31}},"34":{"start":{"line":35,"column":0},"end":{"line":35,"column":24}},"35":{"start":{"line":36,"column":0},"end":{"line":36,"column":28}},"36":{"start":{"line":37,"column":0},"end":{"line":37,"column":26}},"37":{"start":{"line":38,"column":0},"end":{"line":38,"column":18}},"38":{"start":{"line":39,"column":0},"end":{"line":39,"column":5}},"39":{"start":{"line":40,"column":0},"end":{"line":40,"column":41}},"40":{"start":{"line":41,"column":0},"end":{"line":41,"column":26}},"41":{"start":{"line":42,"column":0},"end":{"line":42,"column":18}},"42":{"start":{"line":43,"column":0},"end":{"line":43,"column":5}},"43":{"start":{"line":44,"column":0},"end":{"line":44,"column":41}},"44":{"start":{"line":45,"column":0},"end":{"line":45,"column":18}},"45":{"start":{"line":46,"column":0},"end":{"line":46,"column":18}},"46":{"start":{"line":47,"column":0},"end":{"line":47,"column":5}},"47":{"start":{"line":48,"column":0},"end":{"line":48,"column":24}},"48":{"start":{"line":49,"column":0},"end":{"line":49,"column":15}},"49":{"start":{"line":50,"column":0},"end":{"line":50,"column":3}},"51":{"start":{"line":52,"column":0},"end":{"line":52,"column":29}},"52":{"start":{"line":53,"column":0},"end":{"line":53,"column":28}},"53":{"start":{"line":54,"column":0},"end":{"line":54,"column":3}},"55":{"start":{"line":56,"column":0},"end":{"line":56,"column":22}},"56":{"start":{"line":57,"column":0},"end":{"line":57,"column":24}},"57":{"start":{"line":58,"column":0},"end":{"line":58,"column":3}},"58":{"start":{"line":59,"column":0},"end":{"line":59,"column":1}}},"s":{"0":1,"11":1,"12":1,"14":1,"15":92,"16":92,"17":92,"19":1,"20":24,"21":24,"25":1,"26":11,"27":11,"28":11,"29":11,"32":1,"33":17,"34":17,"35":17,"36":1,"37":1,"38":1,"39":17,"40":1,"41":1,"42":1,"43":17,"44":6,"45":6,"46":6,"47":7,"48":7,"49":17,"51":1,"52":2,"53":2,"55":1,"56":0,"57":0,"58":1},"branchMap":{"0":{"type":"branch","line":15,"loc":{"start":{"line":15,"column":2},"end":{"line":18,"column":6}},"locations":[{"start":{"line":15,"column":2},"end":{"line":18,"column":6}}]},"1":{"type":"branch","line":18,"loc":{"start":{"line":18,"column":5},"end":{"line":18,"column":6}},"locations":[{"start":{"line":18,"column":5},"end":{"line":18,"column":6}}]},"2":{"type":"branch","line":20,"loc":{"start":{"line":20,"column":10},"end":{"line":22,"column":3}},"locations":[{"start":{"line":20,"column":10},"end":{"line":22,"column":3}}]},"3":{"type":"branch","line":26,"loc":{"start":{"line":26,"column":2},"end":{"line":30,"column":3}},"locations":[{"start":{"line":26,"column":2},"end":{"line":30,"column":3}}]},"4":{"type":"branch","line":27,"loc":{"start":{"line":27,"column":14},"end":{"line":27,"column":70}},"locations":[{"start":{"line":27,"column":14},"end":{"line":27,"column":70}}]},"5":{"type":"branch","line":33,"loc":{"start":{"line":33,"column":2},"end":{"line":50,"column":3}},"locations":[{"start":{"line":33,"column":2},"end":{"line":50,"column":3}}]},"6":{"type":"branch","line":35,"loc":{"start":{"line":35,"column":12},"end":{"line":35,"column":24}},"locations":[{"start":{"line":35,"column":12},"end":{"line":35,"column":24}}]},"7":{"type":"branch","line":35,"loc":{"start":{"line":35,"column":19},"end":{"line":36,"column":27}},"locations":[{"start":{"line":35,"column":19},"end":{"line":36,"column":27}}]},"8":{"type":"branch","line":36,"loc":{"start":{"line":36,"column":27},"end":{"line":39,"column":5}},"locations":[{"start":{"line":36,"column":27},"end":{"line":39,"column":5}}]},"9":{"type":"branch","line":39,"loc":{"start":{"line":39,"column":4},"end":{"line":40,"column":40}},"locations":[{"start":{"line":39,"column":4},"end":{"line":40,"column":40}}]},"10":{"type":"branch","line":40,"loc":{"start":{"line":40,"column":40},"end":{"line":43,"column":5}},"locations":[{"start":{"line":40,"column":40},"end":{"line":43,"column":5}}]},"11":{"type":"branch","line":43,"loc":{"start":{"line":43,"column":4},"end":{"line":44,"column":40}},"locations":[{"start":{"line":43,"column":4},"end":{"line":44,"column":40}}]},"12":{"type":"branch","line":44,"loc":{"start":{"line":44,"column":40},"end":{"line":47,"column":5}},"locations":[{"start":{"line":44,"column":40},"end":{"line":47,"column":5}}]},"13":{"type":"branch","line":47,"loc":{"start":{"line":47,"column":4},"end":{"line":49,"column":15}},"locations":[{"start":{"line":47,"column":4},"end":{"line":49,"column":15}}]},"14":{"type":"branch","line":52,"loc":{"start":{"line":52,"column":2},"end":{"line":54,"column":3}},"locations":[{"start":{"line":52,"column":2},"end":{"line":54,"column":3}}]}},"b":{"0":[92],"1":[92],"2":[24],"3":[11],"4":[6],"5":[17],"6":[2],"7":[15],"8":[1],"9":[14],"10":[1],"11":[13],"12":[6],"13":[7],"14":[2]},"fnMap":{"0":{"name":"CodeRegistry","decl":{"start":{"line":15,"column":2},"end":{"line":18,"column":6}},"loc":{"start":{"line":15,"column":2},"end":{"line":18,"column":6}},"line":15},"1":{"name":"<instance_members_initializer>","decl":{"start":{"line":18,"column":5},"end":{"line":18,"column":6}},"loc":{"start":{"line":18,"column":5},"end":{"line":18,"column":6}},"line":18},"2":{"name":"hash","decl":{"start":{"line":20,"column":10},"end":{"line":22,"column":3}},"loc":{"start":{"line":20,"column":10},"end":{"line":22,"column":3}},"line":20},"3":{"name":"issue","decl":{"start":{"line":26,"column":2},"end":{"line":30,"column":3}},"loc":{"start":{"line":26,"column":2},"end":{"line":30,"column":3}},"line":26},"4":{"name":"verify","decl":{"start":{"line":33,"column":2},"end":{"line":50,"column":3}},"loc":{"start":{"line":33,"column":2},"end":{"line":50,"column":3}},"line":33},"5":{"name":"has","decl":{"start":{"line":52,"column":2},"end":{"line":54,"column":3}},"loc":{"start":{"line":52,"column":2},"end":{"line":54,"column":3}},"line":52},"6":{"name":"get size","decl":{"start":{"line":56,"column":2},"end":{"line":58,"column":3}},"loc":{"start":{"line":56,"column":2},"end":{"line":58,"column":3}},"line":56}},"f":{"0":92,"1":92,"2":24,"3":11,"4":17,"5":2,"6":0}}
,"/Users/lihiko/repo/Project_BeeUrEi/server/src/auth/passwords.ts": {"path":"/Users/lihiko/repo/Project_BeeUrEi/server/src/auth/passwords.ts","all":false,"statementMap":{"0":{"start":{"line":1,"column":0},"end":{"line":1,"column":29}},"2":{"start":{"line":3,"column":0},"end":{"line":3,"column":17}},"4":{"start":{"line":5,"column":0},"end":{"line":5,"column":53}},"5":{"start":{"line":6,"column":0},"end":{"line":6,"column":39}},"6":{"start":{"line":7,"column":0},"end":{"line":7,"column":1}},"8":{"start":{"line":9,"column":0},"end":{"line":9,"column":70}},"9":{"start":{"line":10,"column":0},"end":{"line":10,"column":40}},"10":{"start":{"line":11,"column":0},"end":{"line":11,"column":1}}},"s":{"0":1,"2":1,"4":1,"5":138,"6":138,"8":1,"9":22,"10":22},"branchMap":{"0":{"type":"branch","line":5,"loc":{"start":{"line":5,"column":7},"end":{"line":7,"column":1}},"locations":[{"start":{"line":5,"column":7},"end":{"line":7,"column":1}}]},"1":{"type":"branch","line":9,"loc":{"start":{"line":9,"column":7},"end":{"line":11,"column":1}},"locations":[{"start":{"line":9,"column":7},"end":{"line":11,"column":1}}]}},"b":{"0":[138],"1":[22]},"fnMap":{"0":{"name":"hashPassword","decl":{"start":{"line":5,"column":7},"end":{"line":7,"column":1}},"loc":{"start":{"line":5,"column":7},"end":{"line":7,"column":1}},"line":5},"1":{"name":"verifyPassword","decl":{"start":{"line":9,"column":7},"end":{"line":11,"column":1}},"loc":{"start":{"line":9,"column":7},"end":{"line":11,"column":1}},"line":9}},"f":{"0":138,"1":22}}
,"/Users/lihiko/repo/Project_BeeUrEi/server/src/auth/rbac.ts": {"path":"/Users/lihiko/repo/Project_BeeUrEi/server/src/auth/rbac.ts","all":false,"statementMap":{"0":{"start":{"line":1,"column":0},"end":{"line":1,"column":59}},"11":{"start":{"line":12,"column":0},"end":{"line":12,"column":34}},"12":{"start":{"line":13,"column":0},"end":{"line":13,"column":50}},"13":{"start":{"line":14,"column":0},"end":{"line":14,"column":19}},"14":{"start":{"line":15,"column":0},"end":{"line":15,"column":1}},"17":{"start":{"line":18,"column":0},"end":{"line":18,"column":68}},"18":{"start":{"line":19,"column":0},"end":{"line":19,"column":42}},"19":{"start":{"line":20,"column":0},"end":{"line":20,"column":49}},"20":{"start":{"line":21,"column":0},"end":{"line":21,"column":58}},"21":{"start":{"line":22,"column":0},"end":{"line":22,"column":1}},"26":{"start":{"line":27,"column":0},"end":{"line":27,"column":45}},"27":{"start":{"line":28,"column":0},"end":{"line":28,"column":62}},"28":{"start":{"line":29,"column":0},"end":{"line":29,"column":31}},"29":{"start":{"line":30,"column":0},"end":{"line":30,"column":17}},"30":{"start":{"line":31,"column":0},"end":{"line":31,"column":53}},"31":{"start":{"line":32,"column":0},"end":{"line":32,"column":18}},"32":{"start":{"line":33,"column":0},"end":{"line":33,"column":5}},"34":{"start":{"line":35,"column":0},"end":{"line":35,"column":50}},"35":{"start":{"line":36,"column":0},"end":{"line":36,"column":50}},"36":{"start":{"line":37,"column":0},"end":{"line":37,"column":53}},"37":{"start":{"line":38,"column":0},"end":{"line":38,"column":18}},"38":{"start":{"line":39,"column":0},"end":{"line":39,"column":5}},"40":{"start":{"line":41,"column":0},"end":{"line":41,"column":58}},"41":{"start":{"line":42,"column":0},"end":{"line":42,"column":54}},"42":{"start":{"line":43,"column":0},"end":{"line":43,"column":18}},"43":{"start":{"line":44,"column":0},"end":{"line":44,"column":5}},"44":{"start":{"line":45,"column":0},"end":{"line":45,"column":49}},"45":{"start":{"line":46,"column":0},"end":{"line":46,"column":50}},"46":{"start":{"line":47,"column":0},"end":{"line":47,"column":18}},"47":{"start":{"line":48,"column":0},"end":{"line":48,"column":5}},"49":{"start":{"line":50,"column":0},"end":{"line":50,"column":84}},"50":{"start":{"line":51,"column":0},"end":{"line":51,"column":3}},"51":{"start":{"line":52,"column":0},"end":{"line":52,"column":1}}},"s":{"0":1,"11":1,"12":1,"13":87,"14":87,"17":1,"18":217,"19":217,"20":205,"21":205,"26":1,"27":3654,"28":217,"29":217,"30":13,"31":13,"32":13,"34":217,"35":217,"36":1,"37":1,"38":1,"40":217,"41":1,"42":1,"43":1,"44":217,"45":5,"46":5,"47":5,"49":217,"50":217,"51":3654},"branchMap":{"0":{"type":"branch","line":13,"loc":{"start":{"line":13,"column":7},"end":{"line":15,"column":1}},"locations":[{"start":{"line":13,"column":7},"end":{"line":15,"column":1}}]},"1":{"type":"branch","line":18,"loc":{"start":{"line":18,"column":7},"end":{"line":22,"column":1}},"locations":[{"start":{"line":18,"column":7},"end":{"line":22,"column":1}}]},"2":{"type":"branch","line":20,"loc":{"start":{"line":20,"column":7},"end":{"line":20,"column":26}},"locations":[{"start":{"line":20,"column":7},"end":{"line":20,"column":26}}]},"3":{"type":"branch","line":20,"loc":{"start":{"line":20,"column":38},"end":{"line":22,"column":1}},"locations":[{"start":{"line":20,"column":38},"end":{"line":22,"column":1}}]},"4":{"type":"branch","line":20,"loc":{"start":{"line":20,"column":38},"end":{"line":20,"column":49}},"locations":[{"start":{"line":20,"column":38},"end":{"line":20,"column":49}}]},"5":{"type":"branch","line":20,"loc":{"start":{"line":20,"column":45},"end":{"line":22,"column":1}},"locations":[{"start":{"line":20,"column":45},"end":{"line":22,"column":1}}]},"6":{"type":"branch","line":27,"loc":{"start":{"line":27,"column":7},"end":{"line":52,"column":1}},"locations":[{"start":{"line":27,"column":7},"end":{"line":52,"column":1}}]},"7":{"type":"branch","line":28,"loc":{"start":{"line":28,"column":9},"end":{"line":51,"column":3}},"locations":[{"start":{"line":28,"column":9},"end":{"line":51,"column":3}}]},"8":{"type":"branch","line":30,"loc":{"start":{"line":30,"column":16},"end":{"line":35,"column":40}},"locations":[{"start":{"line":30,"column":16},"end":{"line":35,"column":40}}]},"9":{"type":"branch","line":30,"loc":{"start":{"line":30,"column":16},"end":{"line":33,"column":5}},"locations":[{"start":{"line":30,"column":16},"end":{"line":33,"column":5}}]},"10":{"type":"branch","line":33,"loc":{"start":{"line":33,"column":4},"end":{"line":35,"column":40}},"locations":[{"start":{"line":33,"column":4},"end":{"line":35,"column":40}}]},"11":{"type":"branch","line":36,"loc":{"start":{"line":36,"column":9},"end":{"line":36,"column":49}},"locations":[{"start":{"line":36,"column":9},"end":{"line":36,"column":49}}]},"12":{"type":"branch","line":36,"loc":{"start":{"line":36,"column":49},"end":{"line":39,"column":5}},"locations":[{"start":{"line":36,"column":49},"end":{"line":39,"column":5}}]},"13":{"type":"branch","line":39,"loc":{"start":{"line":39,"column":4},"end":{"line":41,"column":41}},"locations":[{"start":{"line":39,"column":4},"end":{"line":41,"column":41}}]},"14":{"type":"branch","line":39,"loc":{"start":{"line":39,"column":4},"end":{"line":41,"column":33}},"locations":[{"start":{"line":39,"column":4},"end":{"line":41,"column":33}}]},"15":{"type":"branch","line":41,"loc":{"start":{"line":41,"column":17},"end":{"line":41,"column":41}},"locations":[{"start":{"line":41,"column":17},"end":{"line":41,"column":41}}]},"16":{"type":"branch","line":41,"loc":{"start":{"line":41,"column":47},"end":{"line":41,"column":57}},"locations":[{"start":{"line":41,"column":47},"end":{"line":41,"column":57}}]},"17":{"type":"branch","line":41,"loc":{"start":{"line":41,"column":57},"end":{"line":44,"column":5}},"locations":[{"start":{"line":41,"column":57},"end":{"line":44,"column":5}}]},"18":{"type":"branch","line":44,"loc":{"start":{"line":44,"column":4},"end":{"line":45,"column":17}},"locations":[{"start":{"line":44,"column":4},"end":{"line":45,"column":17}}]},"19":{"type":"branch","line":45,"loc":{"start":{"line":45,"column":8},"end":{"line":45,"column":48}},"locations":[{"start":{"line":45,"column":8},"end":{"line":45,"column":48}}]},"20":{"type":"branch","line":45,"loc":{"start":{"line":45,"column":48},"end":{"line":48,"column":5}},"locations":[{"start":{"line":45,"column":48},"end":{"line":48,"column":5}}]},"21":{"type":"branch","line":48,"loc":{"start":{"line":48,"column":4},"end":{"line":50,"column":83}},"locations":[{"start":{"line":48,"column":4},"end":{"line":50,"column":83}}]}},"b":{"0":[87],"1":[217],"2":[206],"3":[216],"4":[12],"5":[205],"6":[3654],"7":[217],"8":[216],"9":[13],"10":[204],"11":[204],"12":[1],"13":[207],"14":[203],"15":[202],"16":[0],"17":[1],"18":[202],"19":[21],"20":[5],"21":[197]},"fnMap":{"0":{"name":"setAuthStore","decl":{"start":{"line":13,"column":7},"end":{"line":15,"column":1}},"loc":{"start":{"line":13,"column":7},"end":{"line":15,"column":1}},"line":13},"1":{"name":"authUser","decl":{"start":{"line":18,"column":7},"end":{"line":22,"column":1}},"loc":{"start":{"line":18,"column":7},"end":{"line":22,"column":1}},"line":18},"2":{"name":"requireAuth","decl":{"start":{"line":27,"column":7},"end":{"line":52,"column":1}},"loc":{"start":{"line":27,"column":7},"end":{"line":52,"column":1}},"line":27}},"f":{"0":87,"1":217,"2":3654}}
[...]
{"path":"/Users/lihiko/repo/Project_BeeUrEi/server/src/routes/ws.ts","all":false,"statementMap":{"0":{"start":{"line":1,"column":0},"end":{"line":1,"column":46}},"9":{"start":{"line":10,"column":0},"end":{"line":10,"column":87}},"14":{"start":{"line":15,"column":0},"end":{"line":15,"column":159}},"15":{"start":{"line":16,"column":0},"end":{"line":16,"column":32}},"16":{"start":{"line":17,"column":0},"end":{"line":17,"column":29}},"18":{"start":{"line":19,"column":0},"end":{"line":19,"column":88}},"20":{"start":{"line":21,"column":0},"end":{"line":21,"column":61}},"21":{"start":{"line":22,"column":0},"end":{"line":22,"column":59}},"22":{"start":{"line":23,"column":0},"end":{"line":23,"column":58}},"23":{"start":{"line":24,"column":0},"end":{"line":24,"column":18}},"24":{"start":{"line":25,"column":0},"end":{"line":25,"column":42}},"25":{"start":{"line":26,"column":0},"end":{"line":26,"column":14}},"26":{"start":{"line":27,"column":0},"end":{"line":27,"column":7}},"27":{"start":{"line":28,"column":0},"end":{"line":28,"column":35}},"28":{"start":{"line":29,"column":0},"end":{"line":29,"column":35}},"29":{"start":{"line":30,"column":0},"end":{"line":30,"column":38}},"31":{"start":{"line":32,"column":0},"end":{"line":32,"column":59}},"32":{"start":{"line":33,"column":0},"end":{"line":33,"column":41}},"33":{"start":{"line":34,"column":0},"end":{"line":34,"column":64}},"34":{"start":{"line":35,"column":0},"end":{"line":35,"column":7}},"36":{"start":{"line":37,"column":0},"end":{"line":37,"column":45}},"37":{"start":{"line":38,"column":0},"end":{"line":38,"column":88}},"38":{"start":{"line":39,"column":0},"end":{"line":39,"column":13}},"39":{"start":{"line":40,"column":0},"end":{"line":40,"column":42}},"40":{"start":{"line":41,"column":0},"end":{"line":41,"column":17}},"41":{"start":{"line":42,"column":0},"end":{"line":42,"column":16}},"42":{"start":{"line":43,"column":0},"end":{"line":43,"column":9}},"44":{"start":{"line":45,"column":0},"end":{"line":45,"column":34}},"46":{"start":{"line":47,"column":0},"end":{"line":47,"column":80}},"47":{"start":{"line":48,"column":0},"end":{"line":48,"column":24}},"48":{"start":{"line":49,"column":0},"end":{"line":49,"column":46}},"49":{"start":{"line":50,"column":0},"end":{"line":50,"column":18}},"50":{"start":{"line":51,"column":0},"end":{"line":51,"column":11}},"55":{"start":{"line":56,"column":0},"end":{"line":56,"column":32}},"56":{"start":{"line":57,"column":0},"end":{"line":57,"column":71}},"57":{"start":{"line":58,"column":0},"end":{"line":58,"column":67}},"58":{"start":{"line":59,"column":0},"end":{"line":59,"column":49}},"59":{"start":{"line":60,"column":0},"end":{"line":60,"column":69}},"60":{"start":{"line":61,"column":0},"end":{"line":61,"column":18}},"61":{"start":{"line":62,"column":0},"end":{"line":62,"column":11}},"62":{"start":{"line":63,"column":0},"end":{"line":63,"column":63}},"63":{"start":{"line":64,"column":0},"end":{"line":64,"column":66}},"64":{"start":{"line":65,"column":0},"end":{"line":65,"column":51}},"65":{"start":{"line":66,"column":0},"end":{"line":66,"column":18}},"66":{"start":{"line":67,"column":0},"end":{"line":67,"column":11}},"68":{"start":{"line":69,"column":0},"end":{"line":69,"column":23}},"69":{"start":{"line":70,"column":0},"end":{"line":70,"column":59}},"70":{"start":{"line":71,"column":0},"end":{"line":71,"column":96}},"71":{"start":{"line":72,"column":0},"end":{"line":72,"column":11}},"73":{"start":{"line":74,"column":0},"end":{"line":74,"column":52}},"74":{"start":{"line":75,"column":0},"end":{"line":75,"column":43}},"75":{"start":{"line":76,"column":0},"end":{"line":76,"column":18}},"76":{"start":{"line":77,"column":0},"end":{"line":77,"column":11}},"77":{"start":{"line":78,"column":0},"end":{"line":78,"column":86}},"78":{"start":{"line":79,"column":0},"end":{"line":79,"column":40}},"79":{"start":{"line":80,"column":0},"end":{"line":80,"column":48}},"80":{"start":{"line":81,"column":0},"end":{"line":81,"column":38}},"81":{"start":{"line":82,"column":0},"end":{"line":82,"column":27}},"82":{"start":{"line":83,"column":0},"end":{"line":83,"column":37}},"83":{"start":{"line":84,"column":0},"end":{"line":84,"column":49}},"84":{"start":{"line":85,"column":0},"end":{"line":85,"column":114}},"85":{"start":{"line":86,"column":0},"end":{"line":86,"column":15}},"86":{"start":{"line":87,"column":0},"end":{"line":87,"column":13}},"87":{"start":{"line":88,"column":0},"end":{"line":88,"column":177}},"88":{"start":{"line":89,"column":0},"end":{"line":89,"column":16}},"89":{"start":{"line":90,"column":0},"end":{"line":90,"column":9}},"91":{"start":{"line":92,"column":0},"end":{"line":92,"column":27}},"93":{"start":{"line":94,"column":0},"end":{"line":94,"column":52}},"94":{"start":{"line":95,"column":0},"end":{"line":95,"column":69}},"95":{"start":{"line":96,"column":0},"end":{"line":96,"column":57}},"96":{"start":{"line":97,"column":0},"end":{"line":97,"column":11}},"97":{"start":{"line":98,"column":0},"end":{"line":98,"column":9}},"98":{"start":{"line":99,"column":0},"end":{"line":99,"column":8}},"100":{"start":{"line":101,"column":0},"end":{"line":101,"column":32}},"101":{"start":{"line":102,"column":0},"end":{"line":102,"column":32}},"102":{"start":{"line":103,"column":0},"end":{"line":103,"column":21}},"103":{"start":{"line":104,"column":0},"end":{"line":104,"column":47}},"104":{"start":{"line":105,"column":0},"end":{"line":105,"column":91}},"105":{"start":{"line":106,"column":0},"end":{"line":106,"column":9}},"106":{"start":{"line":107,"column":0},"end":{"line":107,"column":8}},"107":{"start":{"line":108,"column":0},"end":{"line":108,"column":6}},"108":{"start":{"line":109,"column":0},"end":{"line":109,"column":4}},"109":{"start":{"line":110,"column":0},"end":{"line":110,"column":1}}},"s":{"0":1,"9":1,"14":1,"15":87,"16":87,"18":87,"20":87,"21":8,"22":8,"23":8,"24":1,"25":1,"26":1,"27":7,"28":7,"29":7,"31":7,"32":6,"33":6,"34":6,"36":7,"37":9,"38":9,"39":9,"40":9,"41":0,"42":0,"44":9,"46":7,"47":7,"48":0,"49":0,"50":0,"55":7,"56":7,"57":7,"58":7,"59":0,"60":0,"61":0,"62":7,"63":7,"64":3,"65":3,"66":3,"68":7,"69":0,"70":0,"71":0,"73":7,"74":0,"75":0,"76":0,"77":7,"78":7,"79":7,"80":7,"81":7,"82":7,"83":2,"84":2,"85":7,"86":7,"87":7,"88":4,"89":4,"91":2,"93":9,"94":2,"95":2,"96":2,"97":2,"98":7,"100":7,"101":7,"102":7,"103":4,"104":4,"105":4,"106":7,"107":87,"108":87,"109":87},"branchMap":{"0":{"type":"branch","line":15,"loc":{"start":{"line":15,"column":7},"end":{"line":110,"column":1}},"locations":[{"start":{"line":15,"column":7},"end":{"line":110,"column":1}}]},"1":{"type":"branch","line":17,"loc":{"start":{"line":17,"column":15},"end":{"line":109,"column":3}},"locations":[{"start":{"line":17,"column":15},"end":{"line":109,"column":3}}]},"2":{"type":"branch","line":21,"loc":{"start":{"line":21,"column":38},"end":{"line":108,"column":5}},"locations":[{"start":{"line":21,"column":38},"end":{"line":108,"column":5}}]},"3":{"type":"branch","line":23,"loc":{"start":{"line":23,"column":50},"end":{"line":23,"column":58}},"locations":[{"start":{"line":23,"column":50},"end":{"line":23,"column":58}}]},"4":{"type":"branch","line":24,"loc":{"start":{"line":24,"column":17},"end":{"line":27,"column":7}},"locations":[{"start":{"line":24,"column":17},"end":{"line":27,"column":7}}]},"5":{"type":"branch","line":27,"loc":{"start":{"line":27,"column":6},"end":{"line":107,"column":8}},"locations":[{"start":{"line":27,"column":6},"end":{"line":107,"column":8}}]},"6":{"type":"branch","line":32,"loc":{"start":{"line":32,"column":20},"end":{"line":35,"column":7}},"locations":[{"start":{"line":32,"column":20},"end":{"line":35,"column":7}}]},"7":{"type":"branch","line":34,"loc":{"start":{"line":34,"column":37},"end":{"line":34,"column":64}},"locations":[{"start":{"line":34,"column":37},"end":{"line":34,"column":64}}]},"8":{"type":"branch","line":37,"loc":{"start":{"line":37,"column":27},"end":{"line":99,"column":7}},"locations":[{"start":{"line":37,"column":27},"end":{"line":99,"column":7}}]},"9":{"type":"branch","line":41,"loc":{"start":{"line":41,"column":8},"end":{"line":43,"column":9}},"locations":[{"start":{"line":41,"column":8},"end":{"line":43,"column":9}}]},"10":{"type":"branch","line":45,"loc":{"start":{"line":45,"column":33},"end":{"line":90,"column":9}},"locations":[{"start":{"line":45,"column":33},"end":{"line":90,"column":9}}]},"11":{"type":"branch","line":47,"loc":{"start":{"line":47,"column":74},"end":{"line":47,"column":80}},"locations":[{"start":{"line":47,"column":74},"end":{"line":47,"column":80}}]},"12":{"type":"branch","line":48,"loc":{"start":{"line":48,"column":23},"end":{"line":51,"column":11}},"locations":[{"start":{"line":48,"column":23},"end":{"line":51,"column":11}}]},"13":{"type":"branch","line":59,"loc":{"start":{"line":59,"column":14},"end":{"line":59,"column":48}},"locations":[{"start":{"line":59,"column":14},"end":{"line":59,"column":48}}]},"14":{"type":"branch","line":59,"loc":{"start":{"line":59,"column":48},"end":{"line":62,"column":11}},"locations":[{"start":{"line":59,"column":48},"end":{"line":62,"column":11}}]},"15":{"type":"branch","line":63,"loc":{"start":{"line":63,"column":31},"end":{"line":63,"column":63}},"locations":[{"start":{"line":63,"column":31},"end":{"line":63,"column":63}}]},"16":{"type":"branch","line":64,"loc":{"start":{"line":64,"column":65},"end":{"line":69,"column":22}},"locations":[{"start":{"line":64,"column":65},"end":{"line":69,"column":22}}]},"17":{"type":"branch","line":64,"loc":{"start":{"line":64,"column":65},"end":{"line":67,"column":11}},"locations":[{"start":{"line":64,"column":65},"end":{"line":67,"column":11}}]},"18":{"type":"branch","line":67,"loc":{"start":{"line":67,"column":10},"end":{"line":69,"column":22}},"locations":[{"start":{"line":67,"column":10},"end":{"line":69,"column":22}}]},"19":{"type":"branch","line":69,"loc":{"start":{"line":69,"column":22},"end":{"line":72,"column":11}},"locations":[{"start":{"line":69,"column":22},"end":{"line":72,"column":11}}]},"20":{"type":"branch","line":72,"loc":{"start":{"line":72,"column":10},"end":{"line":74,"column":51}},"locations":[{"start":{"line":72,"column":10},"end":{"line":74,"column":51}}]},"21":{"type":"branch","line":74,"loc":{"start":{"line":74,"column":51},"end":{"line":77,"column":11}},"locations":[{"start":{"line":74,"column":51},"end":{"line":77,"column":11}}]},"22":{"type":"branch","line":77,"loc":{"start":{"line":77,"column":10},"end":{"line":78,"column":67}},"locations":[{"start":{"line":77,"column":10},"end":{"line":78,"column":67}}]},"23":{"type":"branch","line":78,"loc":{"start":{"line":78,"column":59},"end":{"line":78,"column":78}},"locations":[{"start":{"line":78,"column":59},"end":{"line":78,"column":78}}]},"24":{"type":"branch","line":88,"loc":{"start":{"line":88,"column":33},"end":{"line":88,"column":177}},"locations":[{"start":{"line":88,"column":33},"end":{"line":88,"column":177}}]},"25":{"type":"branch","line":88,"loc":{"start":{"line":88,"column":176},"end":{"line":90,"column":9}},"locations":[{"start":{"line":88,"column":176},"end":{"line":90,"column":9}}]},"26":{"type":"branch","line":90,"loc":{"start":{"line":90,"column":8},"end":{"line":94,"column":51}},"locations":[{"start":{"line":90,"column":8},"end":{"line":94,"column":51}}]},"27":{"type":"branch","line":90,"loc":{"start":{"line":90,"column":8},"end":{"line":92,"column":27}},"locations":[{"start":{"line":90,"column":8},"end":{"line":92,"column":27}}]},"28":{"type":"branch","line":92,"loc":{"start":{"line":92,"column":21},"end":{"line":92,"column":27}},"locations":[{"start":{"line":92,"column":21},"end":{"line":92,"column":27}}]},"29":{"type":"branch","line":92,"loc":{"start":{"line":92,"column":21},"end":{"line":94,"column":51}},"locations":[{"start":{"line":92,"column":21},"end":{"line":94,"column":51}}]},"30":{"type":"branch","line":94,"loc":{"start":{"line":94,"column":51},"end":{"line":98,"column":9}},"locations":[{"start":{"line":94,"column":51},"end":{"line":98,"column":9}}]},"31":{"type":"branch","line":83,"loc":{"start":{"line":83,"column":29},"end":{"line":86,"column":13}},"locations":[{"start":{"line":83,"column":29},"end":{"line":86,"column":13}}]},"32":{"type":"branch","line":101,"loc":{"start":{"line":101,"column":25},"end":{"line":107,"column":7}},"locations":[{"start":{"line":101,"column":25},"end":{"line":107,"column":7}}]},"33":{"type":"branch","line":103,"loc":{"start":{"line":103,"column":20},"end":{"line":106,"column":9}},"locations":[{"start":{"line":103,"column":20},"end":{"line":106,"column":9}}]},"34":{"type":"branch","line":105,"loc":{"start":{"line":105,"column":33},"end":{"line":105,"column":91}},"locations":[{"start":{"line":105,"column":33},"end":{"line":105,"column":91}}]}},"b":{"0":[87],"1":[87],"2":[8],"3":[0],"4":[1],"5":[7],"6":[6],"7":[4],"8":[9],"9":[0],"10":[7],"11":[0],"12":[0],"13":[3],"14":[0],"15":[4],"16":[5],"17":[3],"18":[4],"19":[0],"20":[4],"21":[0],"22":[4],"23":[0],"24":[2],"25":[4],"26":[5],"27":[2],"28":[0],"29":[2],"30":[2],"31":[2],"32":[7],"33":[4],"34":[2]},"fnMap":{"0":{"name":"registerSignaling","decl":{"start":{"line":15,"column":7},"end":{"line":110,"column":1}},"loc":{"start":{"line":15,"column":7},"end":{"line":110,"column":1}},"line":15},"1":{"name":"relay","decl":{"start":{"line":32,"column":20},"end":{"line":35,"column":7}},"loc":{"start":{"line":32,"column":20},"end":{"line":35,"column":7}},"line":32}},"f":{"0":87,"1":6}}
,"/Users/lihiko/repo/Project_BeeUrEi/server/src/signaling/hub.ts": {"path":"/Users/lihiko/repo/Project_BeeUrEi/server/src/signaling/hub.ts","all":false,"statementMap":{"9":{"start":{"line":10,"column":0},"end":{"line":10,"column":27}},"10":{"start":{"line":11,"column":0},"end":{"line":11,"column":45}},"13":{"start":{"line":14,"column":0},"end":{"line":14,"column":34}},"14":{"start":{"line":15,"column":0},"end":{"line":15,"column":45}},"15":{"start":{"line":16,"column":0},"end":{"line":16,"column":59}},"16":{"start":{"line":17,"column":0},"end":{"line":17,"column":3}},"19":{"start":{"line":20,"column":0},"end":{"line":20,"column":65}},"20":{"start":{"line":21,"column":0},"end":{"line":21,"column":45}},"21":{"start":{"line":22,"column":0},"end":{"line":22,"column":37}},"22":{"start":{"line":23,"column":0},"end":{"line":23,"column":33}},"23":{"start":{"line":24,"column":0},"end":{"line":24,"column":61}},"24":{"start":{"line":25,"column":0},"end":{"line":25,"column":3}},"26":{"start":{"line":27,"column":0},"end":{"line":27,"column":66}},"27":{"start":{"line":28,"column":0},"end":{"line":28,"column":105}},"28":{"start":{"line":29,"column":0},"end":{"line":29,"column":3}},"30":{"start":{"line":31,"column":0},"end":{"line":31,"column":37}},"31":{"start":{"line":32,"column":0},"end":{"line":32,"column":79}},"32":{"start":{"line":33,"column":0},"end":{"line":33,"column":16}},"33":{"start":{"line":34,"column":0},"end":{"line":34,"column":3}},"35":{"start":{"line":36,"column":0},"end":{"line":36,"column":32}},"36":{"start":{"line":37,"column":0},"end":{"line":37,"column":67}},"37":{"start":{"line":38,"column":0},"end":{"line":38,"column":3}},"40":{"start":{"line":41,"column":0},"end":{"line":41,"column":37}},"41":{"start":{"line":42,"column":0},"end":{"line":42,"column":13}},"42":{"start":{"line":43,"column":0},"end":{"line":43,"column":71}},"43":{"start":{"line":44,"column":0},"end":{"line":44,"column":12}},"44":{"start":{"line":45,"column":0},"end":{"line":45,"column":3}},"46":{"start":{"line":47,"column":0},"end":{"line":47,"column":22}},"47":{"start":{"line":48,"column":0},"end":{"line":48,"column":28}},"48":{"start":{"line":49,"column":0},"end":{"line":49,"column":3}},"49":{"start":{"line":50,"column":0},"end":{"line":50,"column":1}}},"s":{"9":1,"10":1,"13":1,"14":12,"15":12,"16":12,"19":1,"20":6,"21":6,"22":6,"23":6,"24":6,"26":1,"27":26,"28":26,"30":1,"31":6,"32":5,"33":6,"35":1,"36":0,"37":0,"40":1,"41":11,"42":11,"43":11,"44":11,"46":1,"47":1,"48":1,"49":1},"branchMap":{"0":{"type":"branch","line":11,"loc":{"start":{"line":11,"column":10},"end":{"line":11,"column":45}},"locations":[{"start":{"line":11,"column":10},"end":{"line":11,"column":45}}]},"1":{"type":"branch","line":14,"loc":{"start":{"line":14,"column":2},"end":{"line":17,"column":3}},"locations":[{"start":{"line":14,"column":2},"end":{"line":17,"column":3}}]},"2":{"type":"branch","line":20,"loc":{"start":{"line":20,"column":2},"end":{"line":25,"column":3}},"locations":[{"start":{"line":20,"column":2},"end":{"line":25,"column":3}}]},"3":{"type":"branch","line":22,"loc":{"start":{"line":22,"column":17},"end":{"line":22,"column":37}},"locations":[{"start":{"line":22,"column":17},"end":{"line":22,"column":37}}]},"4":{"type":"branch","line":27,"loc":{"start":{"line":27,"column":2},"end":{"line":29,"column":3}},"locations":[{"start":{"line":27,"column":2},"end":{"line":29,"column":3}}]},"5":{"type":"branch","line":28,"loc":{"start":{"line":28,"column":45},"end":{"line":28,"column":104}},"locations":[{"start":{"line":28,"column":45},"end":{"line":28,"column":104}}]},"6":{"type":"branch","line":28,"loc":{"start":{"line":28,"column":65},"end":{"line":28,"column":104}},"locations":[{"start":{"line":28,"column":65},"end":{"line":28,"column":104}}]},"7":{"type":"branch","line":31,"loc":{"start":{"line":31,"column":2},"end":{"line":34,"column":3}},"locations":[{"start":{"line":31,"column":2},"end":{"line":34,"column":3}}]},"8":{"type":"branch","line":32,"loc":{"start":{"line":32,"column":43},"end":{"line":32,"column":79}},"locations":[{"start":{"line":32,"column":43},"end":{"line":32,"column":79}}]},"9":{"type":"branch","line":32,"loc":{"start":{"line":32,"column":68},"end":{"line":32,"column":79}},"locations":[{"start":{"line":32,"column":68},"end":{"line":32,"column":79}}]},"10":{"type":"branch","line":32,"loc":{"start":{"line":32,"column":75},"end":{"line":33,"column":16}},"locations":[{"start":{"line":32,"column":75},"end":{"line":33,"column":16}}]},"11":{"type":"branch","line":41,"loc":{"start":{"line":41,"column":2},"end":{"line":45,"column":3}},"locations":[{"start":{"line":41,"column":2},"end":{"line":45,"column":3}}]},"12":{"type":"branch","line":43,"loc":{"start":{"line":43,"column":43},"end":{"line":43,"column":71}},"locations":[{"start":{"line":43,"column":43},"end":{"line":43,"column":71}}]},"13":{"type":"branch","line":47,"loc":{"start":{"line":47,"column":2},"end":{"line":49,"column":3}},"locations":[{"start":{"line":47,"column":2},"end":{"line":49,"column":3}}]}},"b":{"0":[91],"1":[12],"2":[6],"3":[0],"4":[26],"5":[34],"6":[29],"7":[6],"8":[2],"9":[1],"10":[5],"11":[11],"12":[0],"13":[1]},"fnMap":{"0":{"name":"<instance_members_initializer>","decl":{"start":{"line":11,"column":10},"end":{"line":11,"column":45}},"loc":{"start":{"line":11,"column":10},"end":{"line":11,"column":45}},"line":11},"1":{"name":"join","decl":{"start":{"line":14,"column":2},"end":{"line":17,"column":3}},"loc":{"start":{"line":14,"column":2},"end":{"line":17,"column":3}},"line":14},"2":{"name":"leave","decl":{"start":{"line":20,"column":2},"end":{"line":25,"column":3}},"loc":{"start":{"line":20,"column":2},"end":{"line":25,"column":3}},"line":20},"3":{"name":"peersInCall","decl":{"start":{"line":27,"column":2},"end":{"line":29,"column":3}},"loc":{"start":{"line":27,"column":2},"end":{"line":29,"column":3}},"line":27},"4":{"name":"isOnline","decl":{"start":{"line":31,"column":2},"end":{"line":34,"column":3}},"loc":{"start":{"line":31,"column":2},"end":{"line":34,"column":3}},"line":31},"5":{"name":"onlineUserIds","decl":{"start":{"line":36,"column":2},"end":{"line":38,"column":3}},"loc":{"start":{"line":36,"column":2},"end":{"line":38,"column":3}},"line":36},"6":{"name":"callCount","decl":{"start":{"line":41,"column":2},"end":{"line":45,"column":3}},"loc":{"start":{"line":41,"column":2},"end":{"line":45,"column":3}},"line":41},"7":{"name":"get size","decl":{"start":{"line":47,"column":2},"end":{"line":49,"column":3}},"loc":{"start":{"line":47,"column":2},"end":{"line":49,"column":3}},"line":47}},"f":{"0":91,"1":12,"2":6,"3":26,"4":6,"5":0,"6":11,"7":1}}
}
